<?xml version="1.0" encoding="UTF-8"?>
<kml xmlns="http://www.opengis.net/kml/2.2" xmlns:gx="http://www.google.com/kml/ext/2.2" xmlns:kml="http://www.opengis.net/kml/2.2" xmlns:atom="http://www.w3.org/2005/Atom">
<Document>
<name>Location history from 07/07/2014 to 07/08/2014</name>
<open>1</open>
<description/>
<StyleMap id="multiTrack">
<Pair>
<key>normal</key>
<styleUrl>#multiTrack_n</styleUrl>
</Pair>
<Pair>
<key>highlight</key>
<styleUrl>#multiTrack_h</styleUrl>
</Pair>
</StyleMap>
<Style id="multiTrack_n">
<IconStyle>
<Icon>
<href>http://earth.google.com/images/kml-icons/track-directional/track-0.png</href>
</Icon>
</IconStyle>
<LineStyle>
<color>99ffac59</color>
<width>6</width>
</LineStyle>
</Style>
<Style id="multiTrack_h">
<IconStyle>
<scale>1.2</scale>
<Icon>
<href>http://earth.google.com/images/kml-icons/track-directional/track-0.png</href>
</Icon>
</IconStyle>
<LineStyle>
<color>99ffac59</color>
<width>8</width>
</LineStyle>
</Style>
<Placemark>
<name>Latitude User</name>
<description>Location history for Latitude User from 07/07/2014 to 07/08/2014</description>
<styleUrl>#multiTrack</styleUrl>
<gx:Track>
<altitudeMode>clampToGround</altitudeMode>
<when>2014-07-07T15:00:37.610-07:00</when>
<gx:coord>4.3673991 50.823254 0</gx:coord>
<when>2014-07-07T15:01:37.562-07:00</when>
<gx:coord>4.3673795 50.8232309 0</gx:coord>
<when>2014-07-07T15:02:38.839-07:00</when>
<gx:coord>4.3673304 50.8231851 0</gx:coord>
<when>2014-07-07T15:03:39.214-07:00</when>
<gx:coord>4.3673586 50.8232007 0</gx:coord>
<when>2014-07-07T15:04:39.124-07:00</when>
<gx:coord>4.36736 50.8232299 0</gx:coord>
<when>2014-07-07T15:05:39.109-07:00</when>
<gx:coord>4.3673713 50.8232077 0</gx:coord>
<when>2014-07-07T15:06:39.296-07:00</when>
<gx:coord>4.3673759 50.8232355 0</gx:coord>
<when>2014-07-07T15:07:42.597-07:00</when>
<gx:coord>4.3673761 50.8232452 0</gx:coord>
<when>2014-07-07T15:08:42.664-07:00</when>
<gx:coord>4.3673746 50.8232293 0</gx:coord>
<when>2014-07-07T15:09:42.699-07:00</when>
<gx:coord>4.3673551 50.8232263 0</gx:coord>
<when>2014-07-07T15:10:44.228-07:00</when>
<gx:coord>4.3673586 50.823194 0</gx:coord>
<when>2014-07-07T15:11:50.122-07:00</when>
<gx:coord>4.3673813 50.8232263 0</gx:coord>
<when>2014-07-07T15:12:50.266-07:00</when>
<gx:coord>4.3673852 50.8232645 0</gx:coord>
<when>2014-07-07T15:14:04.391-07:00</when>
<gx:coord>4.3673617 50.8232229 0</gx:coord>
<when>2014-07-07T15:15:04.397-07:00</when>
<gx:coord>4.3673628 50.8232019 0</gx:coord>
<when>2014-07-07T15:16:04.401-07:00</when>
<gx:coord>4.3673863 50.8232299 0</gx:coord>
<when>2014-07-07T15:17:04.604-07:00</when>
<gx:coord>4.3673677 50.8232197 0</gx:coord>
<when>2014-07-07T15:18:04.628-07:00</when>
<gx:coord>4.3673402 50.8231664 0</gx:coord>
<when>2014-07-07T15:19:17.275-07:00</when>
<gx:coord>4.3673542 50.8231496 0</gx:coord>
<when>2014-07-07T15:20:17.267-07:00</when>
<gx:coord>4.3673268 50.8231481 0</gx:coord>
<when>2014-07-07T15:21:23.432-07:00</when>
<gx:coord>4.3672827 50.823125 0</gx:coord>
<when>2014-07-07T15:22:20.588-07:00</when>
<gx:coord>4.3673386 50.8231644 0</gx:coord>
<when>2014-07-07T15:23:24.245-07:00</when>
<gx:coord>4.3673327 50.8231482 0</gx:coord>
<when>2014-07-07T15:24:25.376-07:00</when>
<gx:coord>4.3673178 50.8231388 0</gx:coord>
<when>2014-07-07T15:25:25.681-07:00</when>
<gx:coord>4.3673127 50.8231423 0</gx:coord>
<when>2014-07-07T15:26:25.740-07:00</when>
<gx:coord>4.3672886 50.8231181 0</gx:coord>
<when>2014-07-07T15:27:39.319-07:00</when>
<gx:coord>4.367313 50.8231552 0</gx:coord>
<when>2014-07-07T15:28:54.968-07:00</when>
<gx:coord>4.3673139 50.8231258 0</gx:coord>
<when>2014-07-07T15:29:55.209-07:00</when>
<gx:coord>4.3673259 50.8231367 0</gx:coord>
<when>2014-07-07T15:30:55.661-07:00</when>
<gx:coord>4.3673472 50.8231548 0</gx:coord>
<when>2014-07-07T15:31:55.471-07:00</when>
<gx:coord>4.3673494 50.8231638 0</gx:coord>
<when>2014-07-07T15:32:55.633-07:00</when>
<gx:coord>4.367354 50.8231542 0</gx:coord>
<when>2014-07-07T15:33:55.758-07:00</when>
<gx:coord>4.3673581 50.8231708 0</gx:coord>
<when>2014-07-07T15:34:59.850-07:00</when>
<gx:coord>4.3673405 50.8231541 0</gx:coord>
<when>2014-07-07T15:35:59.820-07:00</when>
<gx:coord>4.3673325 50.8231738 0</gx:coord>
<when>2014-07-07T15:36:59.923-07:00</when>
<gx:coord>4.3673177 50.823163 0</gx:coord>
<when>2014-07-07T15:37:59.938-07:00</when>
<gx:coord>4.3673298 50.82315 0</gx:coord>
<when>2014-07-07T15:38:59.902-07:00</when>
<gx:coord>4.3673459 50.823188 0</gx:coord>
<when>2014-07-07T15:39:59.964-07:00</when>
<gx:coord>4.367346 50.8231724 0</gx:coord>
<when>2014-07-07T15:41:00.001-07:00</when>
<gx:coord>4.3673214 50.8231429 0</gx:coord>
<when>2014-07-07T15:41:59.997-07:00</when>
<gx:coord>4.3673404 50.8231644 0</gx:coord>
<when>2014-07-07T15:43:00.120-07:00</when>
<gx:coord>4.3673014 50.8231163 0</gx:coord>
<when>2014-07-07T15:44:00.173-07:00</when>
<gx:coord>4.3673653 50.8231589 0</gx:coord>
<when>2014-07-07T15:45:00.204-07:00</when>
<gx:coord>4.3673486 50.8231547 0</gx:coord>
<when>2014-07-07T15:46:00.178-07:00</when>
<gx:coord>4.367331 50.8231384 0</gx:coord>
<when>2014-07-07T15:47:00.233-07:00</when>
<gx:coord>4.3673586 50.8231702 0</gx:coord>
<when>2014-07-07T15:48:00.249-07:00</when>
<gx:coord>4.3673326 50.8231195 0</gx:coord>
<when>2014-07-07T15:49:00.371-07:00</when>
<gx:coord>4.3673275 50.8231747 0</gx:coord>
<when>2014-07-07T15:50:03.675-07:00</when>
<gx:coord>4.3673617 50.823165 0</gx:coord>
<when>2014-07-07T15:51:03.745-07:00</when>
<gx:coord>4.3673392 50.8231562 0</gx:coord>
<when>2014-07-07T15:52:03.742-07:00</when>
<gx:coord>4.3673689 50.8231656 0</gx:coord>
<when>2014-07-07T15:53:03.913-07:00</when>
<gx:coord>4.3673446 50.8231735 0</gx:coord>
<when>2014-07-07T15:57:59.824-07:00</when>
<gx:coord>4.3673299 50.8231244 0</gx:coord>
<when>2014-07-07T16:02:44.772-07:00</when>
<gx:coord>4.3673461 50.8231337 0</gx:coord>
<when>2014-07-07T16:03:45.225-07:00</when>
<gx:coord>4.367352 50.8231574 0</gx:coord>
<when>2014-07-07T16:04:51.355-07:00</when>
<gx:coord>4.36738 50.8232147 0</gx:coord>
<when>2014-07-07T16:05:48.026-07:00</when>
<gx:coord>4.3673696 50.8231859 0</gx:coord>
<when>2014-07-07T16:06:51.454-07:00</when>
<gx:coord>4.3673685 50.8232312 0</gx:coord>
<when>2014-07-07T16:07:51.401-07:00</when>
<gx:coord>4.3673667 50.8232175 0</gx:coord>
<when>2014-07-07T16:08:49.668-07:00</when>
<gx:coord>4.3673754 50.823213 0</gx:coord>
<when>2014-07-07T16:09:59.341-07:00</when>
<gx:coord>4.3673671 50.823234 0</gx:coord>
<when>2014-07-07T16:11:03.532-07:00</when>
<gx:coord>4.3673805 50.8232405 0</gx:coord>
<when>2014-07-07T16:12:03.797-07:00</when>
<gx:coord>4.3673707 50.8231798 0</gx:coord>
<when>2014-07-07T16:13:03.777-07:00</when>
<gx:coord>4.3673297 50.8232018 0</gx:coord>
<when>2014-07-07T16:14:12.414-07:00</when>
<gx:coord>4.3673304 50.8232114 0</gx:coord>
<when>2014-07-07T16:15:09.135-07:00</when>
<gx:coord>4.3673627 50.8231883 0</gx:coord>
<when>2014-07-07T16:16:12.499-07:00</when>
<gx:coord>4.3673709 50.823183 0</gx:coord>
<when>2014-07-07T16:17:12.549-07:00</when>
<gx:coord>4.3673592 50.8231937 0</gx:coord>
<when>2014-07-07T16:18:12.596-07:00</when>
<gx:coord>4.3673592 50.8231884 0</gx:coord>
<when>2014-07-07T16:19:12.504-07:00</when>
<gx:coord>4.3673491 50.8231731 0</gx:coord>
<when>2014-07-07T16:20:29.887-07:00</when>
<gx:coord>4.3673479 50.8231844 0</gx:coord>
<when>2014-07-07T16:21:29.882-07:00</when>
<gx:coord>4.3673303 50.8231485 0</gx:coord>
<when>2014-07-07T16:22:29.864-07:00</when>
<gx:coord>4.3673573 50.8231814 0</gx:coord>
<when>2014-07-07T16:23:29.912-07:00</when>
<gx:coord>4.3673161 50.8231533 0</gx:coord>
<when>2014-07-07T16:24:30.945-07:00</when>
<gx:coord>4.3673844 50.8232197 0</gx:coord>
<when>2014-07-07T16:25:30.932-07:00</when>
<gx:coord>4.3673543 50.8231718 0</gx:coord>
<when>2014-07-07T16:26:30.943-07:00</when>
<gx:coord>4.3673505 50.823179 0</gx:coord>
<when>2014-07-07T16:27:32.078-07:00</when>
<gx:coord>4.367343 50.8231954 0</gx:coord>
<when>2014-07-07T16:28:32.006-07:00</when>
<gx:coord>4.3673586 50.8231867 0</gx:coord>
<when>2014-07-07T16:29:32.018-07:00</when>
<gx:coord>4.3673443 50.823208 0</gx:coord>
<when>2014-07-07T16:30:32.103-07:00</when>
<gx:coord>4.3673722 50.8232016 0</gx:coord>
<when>2014-07-07T16:31:32.058-07:00</when>
<gx:coord>4.3673574 50.8232091 0</gx:coord>
<when>2014-07-07T16:33:37.086-07:00</when>
<gx:coord>4.3673525 50.8231784 0</gx:coord>
<when>2014-07-07T16:35:42.230-07:00</when>
<gx:coord>4.3673883 50.8232065 0</gx:coord>
<when>2014-07-07T16:37:47.283-07:00</when>
<gx:coord>4.3673527 50.8231983 0</gx:coord>
<when>2014-07-07T16:42:32.612-07:00</when>
<gx:coord>4.3673507 50.8231899 0</gx:coord>
<when>2014-07-07T16:47:34.367-07:00</when>
<gx:coord>4.367324 50.8231561 0</gx:coord>
<when>2014-07-07T16:52:20.257-07:00</when>
<gx:coord>4.3673514 50.8232015 0</gx:coord>
<when>2014-07-07T16:57:05.225-07:00</when>
<gx:coord>4.36734 50.823179 0</gx:coord>
<when>2014-07-07T17:01:58.579-07:00</when>
<gx:coord>4.3673761 50.8231735 0</gx:coord>
<when>2014-07-07T17:06:59.415-07:00</when>
<gx:coord>4.3673627 50.8231845 0</gx:coord>
<when>2014-07-07T17:12:00.084-07:00</when>
<gx:coord>4.3673342 50.8231791 0</gx:coord>
<when>2014-07-07T17:17:00.889-07:00</when>
<gx:coord>4.367364 50.8231776 0</gx:coord>
<when>2014-07-07T17:21:46.346-07:00</when>
<gx:coord>4.3673356 50.8231455 0</gx:coord>
<when>2014-07-07T17:26:31.049-07:00</when>
<gx:coord>4.3673629 50.8231848 0</gx:coord>
<when>2014-07-07T17:31:16.045-07:00</when>
<gx:coord>4.3673249 50.8231695 0</gx:coord>
<when>2014-07-07T17:36:03.726-07:00</when>
<gx:coord>4.3673677 50.8231668 0</gx:coord>
<when>2014-07-07T17:41:03.567-07:00</when>
<gx:coord>4.3673519 50.8231643 0</gx:coord>
<when>2014-07-07T17:46:03.616-07:00</when>
<gx:coord>4.3673502 50.8231725 0</gx:coord>
<when>2014-07-07T17:51:03.560-07:00</when>
<gx:coord>4.3673483 50.8231829 0</gx:coord>
<when>2014-07-07T17:56:03.785-07:00</when>
<gx:coord>4.3673555 50.8231814 0</gx:coord>
<when>2014-07-07T18:01:03.561-07:00</when>
<gx:coord>4.3673384 50.8231735 0</gx:coord>
<when>2014-07-07T18:02:16.025-07:00</when>
<gx:coord>4.3673406 50.823174 0</gx:coord>
<when>2014-07-07T18:07:04.049-07:00</when>
<gx:coord>4.3673418 50.8231668 0</gx:coord>
<when>2014-07-07T18:12:03.272-07:00</when>
<gx:coord>4.3673216 50.8231435 0</gx:coord>
<when>2014-07-07T18:17:03.178-07:00</when>
<gx:coord>4.3673298 50.8231589 0</gx:coord>
<when>2014-07-07T18:22:03.186-07:00</when>
<gx:coord>4.3673471 50.8231724 0</gx:coord>
<when>2014-07-07T18:27:03.172-07:00</when>
<gx:coord>4.3673584 50.8231816 0</gx:coord>
<when>2014-07-07T18:32:03.631-07:00</when>
<gx:coord>4.367347 50.8231983 0</gx:coord>
<when>2014-07-07T18:37:03.216-07:00</when>
<gx:coord>4.3673167 50.8231646 0</gx:coord>
<when>2014-07-07T18:42:03.153-07:00</when>
<gx:coord>4.3673545 50.8231741 0</gx:coord>
<when>2014-07-07T18:47:03.309-07:00</when>
<gx:coord>4.3673266 50.8231593 0</gx:coord>
<when>2014-07-07T18:52:03.209-07:00</when>
<gx:coord>4.3673505 50.8231739 0</gx:coord>
<when>2014-07-07T18:57:03.186-07:00</when>
<gx:coord>4.3673475 50.8231739 0</gx:coord>
<when>2014-07-07T19:03:03.634-07:00</when>
<gx:coord>4.367338 50.8231563 0</gx:coord>
<when>2014-07-07T19:08:03.252-07:00</when>
<gx:coord>4.3673662 50.8231876 0</gx:coord>
<when>2014-07-07T19:13:03.187-07:00</when>
<gx:coord>4.3673307 50.8231546 0</gx:coord>
<when>2014-07-07T19:18:03.347-07:00</when>
<gx:coord>4.3673426 50.8231903 0</gx:coord>
<when>2014-07-07T19:23:03.352-07:00</when>
<gx:coord>4.3673228 50.8231409 0</gx:coord>
<when>2014-07-07T19:27:48.562-07:00</when>
<gx:coord>4.367339 50.8231609 0</gx:coord>
<when>2014-07-07T19:33:03.337-07:00</when>
<gx:coord>4.3673288 50.823174 0</gx:coord>
<when>2014-07-07T19:37:49.267-07:00</when>
<gx:coord>4.3673277 50.8231707 0</gx:coord>
<when>2014-07-07T19:42:34.381-07:00</when>
<gx:coord>4.3673272 50.8231753 0</gx:coord>
<when>2014-07-07T19:47:20.227-07:00</when>
<gx:coord>4.3673254 50.8231586 0</gx:coord>
<when>2014-07-07T19:52:05.332-07:00</when>
<gx:coord>4.3673272 50.8231749 0</gx:coord>
<when>2014-07-07T19:56:50.438-07:00</when>
<gx:coord>4.3673642 50.8231793 0</gx:coord>
<when>2014-07-07T20:03:03.486-07:00</when>
<gx:coord>4.3673398 50.8231668 0</gx:coord>
<when>2014-07-07T20:07:31.821-07:00</when>
<gx:coord>4.3673836 50.8232144 0</gx:coord>
<when>2014-07-07T20:09:02.177-07:00</when>
<gx:coord>4.3673821 50.8232163 0</gx:coord>
<when>2014-07-07T20:10:03.246-07:00</when>
<gx:coord>4.3673878 50.8231817 0</gx:coord>
<when>2014-07-07T20:11:32.484-07:00</when>
<gx:coord>4.3673603 50.8231729 0</gx:coord>
<when>2014-07-07T20:12:32.539-07:00</when>
<gx:coord>4.3673631 50.8231832 0</gx:coord>
<when>2014-07-07T20:14:04.250-07:00</when>
<gx:coord>4.3673909 50.8232045 0</gx:coord>
<when>2014-07-07T20:15:06.255-07:00</when>
<gx:coord>4.367379 50.8231966 0</gx:coord>
<when>2014-07-07T20:16:08.343-07:00</when>
<gx:coord>4.3673943 50.8232039 0</gx:coord>
<when>2014-07-07T20:17:10.447-07:00</when>
<gx:coord>4.3673856 50.8232093 0</gx:coord>
<when>2014-07-07T20:18:12.227-07:00</when>
<gx:coord>4.3673678 50.8231846 0</gx:coord>
<when>2014-07-07T20:19:32.420-07:00</when>
<gx:coord>4.3673741 50.8231828 0</gx:coord>
<when>2014-07-07T20:24:18.319-07:00</when>
<gx:coord>4.3673529 50.823158 0</gx:coord>
<when>2014-07-07T20:30:18.365-07:00</when>
<gx:coord>4.3673213 50.823144 0</gx:coord>
<when>2014-07-07T20:35:10.357-07:00</when>
<gx:coord>4.3673332 50.8231537 0</gx:coord>
<when>2014-07-07T20:42:01.356-07:00</when>
<gx:coord>4.3673553 50.8231859 0</gx:coord>
<when>2014-07-07T20:49:04.460-07:00</when>
<gx:coord>4.3673445 50.8231954 0</gx:coord>
<when>2014-07-07T20:54:03.141-07:00</when>
<gx:coord>4.3673636 50.8231591 0</gx:coord>
<when>2014-07-07T20:58:48.324-07:00</when>
<gx:coord>4.3673241 50.8231558 0</gx:coord>
<when>2014-07-07T21:04:03.367-07:00</when>
<gx:coord>4.367364 50.8231721 0</gx:coord>
<when>2014-07-07T21:09:03.182-07:00</when>
<gx:coord>4.3673405 50.8231705 0</gx:coord>
<when>2014-07-07T21:13:48.342-07:00</when>
<gx:coord>4.36737 50.8231826 0</gx:coord>
<when>2014-07-07T21:19:03.250-07:00</when>
<gx:coord>4.3673562 50.8231589 0</gx:coord>
<when>2014-07-07T21:26:52.528-07:00</when>
<gx:coord>4.3673795 50.8231744 0</gx:coord>
<when>2014-07-07T21:34:03.411-07:00</when>
<gx:coord>4.3673261 50.8231677 0</gx:coord>
<when>2014-07-07T21:42:01.257-07:00</when>
<gx:coord>4.3673342 50.8231587 0</gx:coord>
<when>2014-07-07T21:43:06.876-07:00</when>
<gx:coord>4.3674099 50.8233079 164</gx:coord>
<when>2014-07-07T21:46:46.304-07:00</when>
<gx:coord>4.367363 50.8231981 0</gx:coord>
<when>2014-07-07T21:49:29.785-07:00</when>
<gx:coord>4.3673944 50.8232213 0</gx:coord>
<when>2014-07-07T21:51:03.352-07:00</when>
<gx:coord>4.367358 50.8231983 0</gx:coord>
<when>2014-07-07T21:52:03.362-07:00</when>
<gx:coord>4.3673642 50.8231955 0</gx:coord>
<when>2014-07-07T21:53:03.376-07:00</when>
<gx:coord>4.3673298 50.8231933 0</gx:coord>
<when>2014-07-07T21:54:04.390-07:00</when>
<gx:coord>4.3673613 50.8232297 0</gx:coord>
<when>2014-07-07T21:55:04.399-07:00</when>
<gx:coord>4.3673407 50.8231679 0</gx:coord>
<when>2014-07-07T21:56:05.312-07:00</when>
<gx:coord>4.3673807 50.8232079 0</gx:coord>
<when>2014-07-07T21:57:05.374-07:00</when>
<gx:coord>4.3673814 50.823241 0</gx:coord>
<when>2014-07-07T21:58:46.353-07:00</when>
<gx:coord>4.3673586 50.8231778 0</gx:coord>
<when>2014-07-07T22:03:31.431-07:00</when>
<gx:coord>4.3673469 50.8231859 0</gx:coord>
<when>2014-07-07T22:09:03.422-07:00</when>
<gx:coord>4.3673313 50.8231702 0</gx:coord>
<when>2014-07-07T22:13:48.431-07:00</when>
<gx:coord>4.3673624 50.8232008 0</gx:coord>
<when>2014-07-07T22:19:25.377-07:00</when>
<gx:coord>4.3673263 50.8231573 0</gx:coord>
<when>2014-07-07T22:20:18.262-07:00</when>
<gx:coord>4.3673558 50.8231783 0</gx:coord>
<when>2014-07-07T22:21:26.694-07:00</when>
<gx:coord>4.3673501 50.8231737 0</gx:coord>
<when>2014-07-07T22:22:40.698-07:00</when>
<gx:coord>4.3673439 50.823169 0</gx:coord>
<when>2014-07-07T22:24:03.761-07:00</when>
<gx:coord>4.3673529 50.8231678 0</gx:coord>
<when>2014-07-07T22:25:03.958-07:00</when>
<gx:coord>4.3673325 50.8231393 0</gx:coord>
<when>2014-07-07T22:26:04.841-07:00</when>
<gx:coord>4.3673544 50.8231704 0</gx:coord>
<when>2014-07-07T22:27:05.840-07:00</when>
<gx:coord>4.3674079 50.8232326 0</gx:coord>
<when>2014-07-07T22:28:05.954-07:00</when>
<gx:coord>4.3673855 50.8231868 0</gx:coord>
<when>2014-07-07T22:29:14.821-07:00</when>
<gx:coord>4.3673632 50.823175 0</gx:coord>
<when>2014-07-07T22:30:14.847-07:00</when>
<gx:coord>4.3673442 50.8231709 0</gx:coord>
<when>2014-07-07T22:31:23.594-07:00</when>
<gx:coord>4.3673415 50.8231546 0</gx:coord>
<when>2014-07-07T22:33:04.842-07:00</when>
<gx:coord>4.3673743 50.8231763 0</gx:coord>
<when>2014-07-07T22:38:28.263-07:00</when>
<gx:coord>4.3673711 50.8231702 0</gx:coord>
<when>2014-07-07T22:43:13.319-07:00</when>
<gx:coord>4.3673824 50.8231916 0</gx:coord>
<when>2014-07-07T22:50:10.445-07:00</when>
<gx:coord>4.3673547 50.823165 0</gx:coord>
<when>2014-07-07T22:58:03.292-07:00</when>
<gx:coord>4.3673592 50.8231977 0</gx:coord>
<when>2014-07-07T23:03:22.277-07:00</when>
<gx:coord>4.3673387 50.82318 0</gx:coord>
<when>2014-07-07T23:09:03.417-07:00</when>
<gx:coord>4.3673809 50.8231867 0</gx:coord>
<when>2014-07-07T23:14:03.168-07:00</when>
<gx:coord>4.3673611 50.8231885 0</gx:coord>
<when>2014-07-07T23:16:38.835-07:00</when>
<gx:coord>4.3673638 50.8231881 0</gx:coord>
<when>2014-07-07T23:17:41.674-07:00</when>
<gx:coord>4.3673601 50.8231751 0</gx:coord>
<when>2014-07-07T23:18:40.974-07:00</when>
<gx:coord>4.3673628 50.8231988 0</gx:coord>
<when>2014-07-07T23:19:41.640-07:00</when>
<gx:coord>4.3673251 50.8231482 0</gx:coord>
<when>2014-07-07T23:20:41.729-07:00</when>
<gx:coord>4.3673468 50.8231739 0</gx:coord>
<when>2014-07-07T23:21:42.127-07:00</when>
<gx:coord>4.3673672 50.8231793 0</gx:coord>
<when>2014-07-07T23:22:42.718-07:00</when>
<gx:coord>4.3673491 50.8231679 0</gx:coord>
<when>2014-07-07T23:23:43.716-07:00</when>
<gx:coord>4.367347 50.8231709 0</gx:coord>
<when>2014-07-07T23:24:58.773-07:00</when>
<gx:coord>4.3673327 50.82315 0</gx:coord>
<when>2014-07-07T23:26:05.875-07:00</when>
<gx:coord>4.3673555 50.8231823 0</gx:coord>
<when>2014-07-07T23:27:18.696-07:00</when>
<gx:coord>4.3673747 50.8232098 0</gx:coord>
<when>2014-07-07T23:28:15.347-07:00</when>
<gx:coord>4.3673956 50.8232122 0</gx:coord>
<when>2014-07-07T23:29:33.674-07:00</when>
<gx:coord>4.3673614 50.8231929 0</gx:coord>
<when>2014-07-07T23:30:33.727-07:00</when>
<gx:coord>4.3673316 50.8231574 0</gx:coord>
<when>2014-07-07T23:31:33.737-07:00</when>
<gx:coord>4.3673688 50.8231905 0</gx:coord>
<when>2014-07-07T23:36:19.627-07:00</when>
<gx:coord>4.3673548 50.8231978 0</gx:coord>
<when>2014-07-07T23:41:04.656-07:00</when>
<gx:coord>4.3673429 50.8231951 0</gx:coord>
<when>2014-07-07T23:46:13.210-07:00</when>
<gx:coord>4.3673528 50.8232007 0</gx:coord>
<when>2014-07-07T23:47:43.671-07:00</when>
<gx:coord>4.3673571 50.8232175 0</gx:coord>
<when>2014-07-07T23:49:03.265-07:00</when>
<gx:coord>4.3673822 50.8232688 0</gx:coord>
<when>2014-07-07T23:50:10.249-07:00</when>
<gx:coord>4.3673719 50.8232411 0</gx:coord>
<when>2014-07-07T23:52:02.195-07:00</when>
<gx:coord>4.3673339 50.8238557 0</gx:coord>
<when>2014-07-07T23:53:02.138-07:00</when>
<gx:coord>4.3670323 50.824102 0</gx:coord>
<when>2014-07-07T23:54:02.285-07:00</when>
<gx:coord>4.3670704 50.8240774 0</gx:coord>
<when>2014-07-07T23:55:02.051-07:00</when>
<gx:coord>4.3671993 50.823986 0</gx:coord>
<when>2014-07-07T23:56:14.429-07:00</when>
<gx:coord>4.3671775 50.8240024 0</gx:coord>
<when>2014-07-07T23:57:15.278-07:00</when>
<gx:coord>4.3670152 50.8241025 0</gx:coord>
<when>2014-07-07T23:58:15.603-07:00</when>
<gx:coord>4.3645256 50.8265333 0</gx:coord>
<when>2014-07-07T23:59:17.349-07:00</when>
<gx:coord>4.363583 50.8274558 0</gx:coord>
<when>2014-07-08T00:00:20.503-07:00</when>
<gx:coord>4.3616007 50.8293535 0</gx:coord>
<when>2014-07-08T00:01:18.390-07:00</when>
<gx:coord>4.3613608 50.8296702 0</gx:coord>
<when>2014-07-08T00:02:21.606-07:00</when>
<gx:coord>4.3578683 50.8326251 0</gx:coord>
<when>2014-07-08T00:03:19.106-07:00</when>
<gx:coord>4.3573503 50.833082 0</gx:coord>
<when>2014-07-08T00:04:25.493-07:00</when>
<gx:coord>4.3570672 50.8340906 0</gx:coord>
<when>2014-07-08T00:05:41.766-07:00</when>
<gx:coord>4.3560086 50.8348827 0</gx:coord>
<when>2014-07-08T00:06:45.332-07:00</when>
<gx:coord>4.3569341 50.8341144 0</gx:coord>
<when>2014-07-08T00:07:45.373-07:00</when>
<gx:coord>4.3569829 50.8340795 0</gx:coord>
<when>2014-07-08T00:08:45.452-07:00</when>
<gx:coord>4.3569601 50.8340915 0</gx:coord>
<when>2014-07-08T00:10:03.247-07:00</when>
<gx:coord>4.3569601 50.8340915 0</gx:coord>
<when>2014-07-08T00:11:04.025-07:00</when>
<gx:coord>4.3624374 50.8369667 0</gx:coord>
<when>2014-07-08T00:12:03.894-07:00</when>
<gx:coord>4.3624374 50.8369667 0</gx:coord>
<when>2014-07-08T00:13:04.863-07:00</when>
<gx:coord>4.3679149 50.8396196 0</gx:coord>
<when>2014-07-08T00:14:05.396-07:00</when>
<gx:coord>4.3695342 50.8427022 0</gx:coord>
<when>2014-07-08T00:15:05.193-07:00</when>
<gx:coord>4.3692223 50.8454369 0</gx:coord>
<when>2014-07-08T00:16:16.558-07:00</when>
<gx:coord>4.3693333 50.845421 0</gx:coord>
<when>2014-07-08T00:17:25.047-07:00</when>
<gx:coord>4.370763 50.8451694 0</gx:coord>
<when>2014-07-08T00:18:25.271-07:00</when>
<gx:coord>4.3740812 50.8444187 0</gx:coord>
<when>2014-07-08T00:19:29.368-07:00</when>
<gx:coord>4.3746066 50.8442355 0</gx:coord>
<when>2014-07-08T00:20:29.369-07:00</when>
<gx:coord>4.3757132 50.8439496 0</gx:coord>
<when>2014-07-08T00:21:20.813-07:00</when>
<gx:coord>4.3777789 50.8440938 0</gx:coord>
<when>2014-07-08T00:22:44.190-07:00</when>
<gx:coord>4.3777423 50.8442209 0</gx:coord>
<when>2014-07-08T00:24:04.098-07:00</when>
<gx:coord>4.3768199 50.8442595 0</gx:coord>
<when>2014-07-08T00:25:07.990-07:00</when>
<gx:coord>4.3772603 50.8445536 0</gx:coord>
<when>2014-07-08T00:26:14.754-07:00</when>
<gx:coord>4.3753361 50.8454197 0</gx:coord>
<when>2014-07-08T00:27:14.867-07:00</when>
<gx:coord>4.3778243 50.8442283 0</gx:coord>
<when>2014-07-08T00:28:21.485-07:00</when>
<gx:coord>4.3777669 50.8442384 0</gx:coord>
<when>2014-07-08T00:30:03.165-07:00</when>
<gx:coord>4.3777437 50.8441797 0</gx:coord>
<when>2014-07-08T00:31:03.229-07:00</when>
<gx:coord>4.3778526 50.8441696 0</gx:coord>
<when>2014-07-08T00:32:05.542-07:00</when>
<gx:coord>4.3778335 50.8442067 0</gx:coord>
<when>2014-07-08T00:33:05.571-07:00</when>
<gx:coord>4.3778334 50.8442064 0</gx:coord>
<when>2014-07-08T00:34:06.252-07:00</when>
<gx:coord>4.3778336 50.844206 0</gx:coord>
<when>2014-07-08T00:35:09.769-07:00</when>
<gx:coord>4.3778902 50.8441178 0</gx:coord>
<when>2014-07-08T00:36:21.427-07:00</when>
<gx:coord>4.3778591 50.844162 0</gx:coord>
<when>2014-07-08T00:37:24.257-07:00</when>
<gx:coord>4.3779035 50.8440921 0</gx:coord>
<when>2014-07-08T00:38:26.316-07:00</when>
<gx:coord>4.3778741 50.8441345 0</gx:coord>
<when>2014-07-08T00:40:03.193-07:00</when>
<gx:coord>4.3778591 50.844162 0</gx:coord>
<when>2014-07-08T00:41:40.273-07:00</when>
<gx:coord>4.377862 50.8441603 0</gx:coord>
<when>2014-07-08T00:42:40.319-07:00</when>
<gx:coord>4.3778591 50.844162 0</gx:coord>
<when>2014-07-08T00:44:34.537-07:00</when>
<gx:coord>4.3778741 50.8441345 0</gx:coord>
<when>2014-07-08T00:46:26.241-07:00</when>
<gx:coord>4.377862 50.8441603 0</gx:coord>
<when>2014-07-08T00:48:30.276-07:00</when>
<gx:coord>4.3778741 50.8441345 0</gx:coord>
<when>2014-07-08T00:53:41.151-07:00</when>
<gx:coord>4.3778336 50.844206 0</gx:coord>
<when>2014-07-08T00:58:27.160-07:00</when>
<gx:coord>4.3778334 50.8442064 0</gx:coord>
<when>2014-07-08T01:03:12.185-07:00</when>
<gx:coord>4.3778902 50.8442316 0</gx:coord>
<when>2014-07-08T01:04:13.193-07:00</when>
<gx:coord>4.3779214 50.8442459 0</gx:coord>
<when>2014-07-08T01:05:24.383-07:00</when>
<gx:coord>4.3778336 50.844206 0</gx:coord>
<when>2014-07-08T01:06:26.139-07:00</when>
<gx:coord>4.3778338 50.8442083 0</gx:coord>
<when>2014-07-08T01:07:28.961-07:00</when>
<gx:coord>4.3778334 50.8442064 0</gx:coord>
<when>2014-07-08T01:08:30.342-07:00</when>
<gx:coord>4.3778332 50.8442057 0</gx:coord>
<when>2014-07-08T01:09:31.737-07:00</when>
<gx:coord>4.3778336 50.844206 0</gx:coord>
<when>2014-07-08T01:10:31.744-07:00</when>
<gx:coord>4.3778741 50.8441345 0</gx:coord>
<when>2014-07-08T01:11:32.187-07:00</when>
<gx:coord>4.3778591 50.844162 0</gx:coord>
<when>2014-07-08T01:12:33.227-07:00</when>
<gx:coord>4.3777155 50.8442324 0</gx:coord>
<when>2014-07-08T01:13:33.220-07:00</when>
<gx:coord>4.3768197 50.84426 0</gx:coord>
<when>2014-07-08T01:14:33.232-07:00</when>
<gx:coord>4.3768197 50.84426 0</gx:coord>
<when>2014-07-08T01:15:33.704-07:00</when>
<gx:coord>4.3768197 50.84426 0</gx:coord>
<when>2014-07-08T01:16:33.765-07:00</when>
<gx:coord>4.3768197 50.84426 0</gx:coord>
<when>2014-07-08T01:17:33.792-07:00</when>
<gx:coord>4.3768197 50.84426 0</gx:coord>
<when>2014-07-08T01:18:33.815-07:00</when>
<gx:coord>4.3768197 50.84426 0</gx:coord>
<when>2014-07-08T01:19:33.781-07:00</when>
<gx:coord>4.377795 50.8441696 0</gx:coord>
<when>2014-07-08T01:20:38.533-07:00</when>
<gx:coord>4.3779168 50.844178 0</gx:coord>
<when>2014-07-08T01:21:38.638-07:00</when>
<gx:coord>4.3779168 50.844178 0</gx:coord>
<when>2014-07-08T01:22:39.332-07:00</when>
<gx:coord>4.3779262 50.844159 0</gx:coord>
<when>2014-07-08T01:23:39.374-07:00</when>
<gx:coord>4.3779213 50.8441776 0</gx:coord>
<when>2014-07-08T01:25:03.172-07:00</when>
<gx:coord>4.3779228 50.8441733 0</gx:coord>
<when>2014-07-08T01:26:04.206-07:00</when>
<gx:coord>4.3778563 50.8441625 0</gx:coord>
<when>2014-07-08T01:27:04.301-07:00</when>
<gx:coord>4.3779156 50.8441653 0</gx:coord>
<when>2014-07-08T01:28:14.290-07:00</when>
<gx:coord>4.3779182 50.8441684 0</gx:coord>
<when>2014-07-08T01:29:14.314-07:00</when>
<gx:coord>4.3778601 50.8441598 0</gx:coord>
<when>2014-07-08T01:31:38.337-07:00</when>
<gx:coord>4.3777414 50.8441629 0</gx:coord>
<when>2014-07-08T01:33:03.150-07:00</when>
<gx:coord>4.3777468 50.844185 0</gx:coord>
<when>2014-07-08T01:34:03.211-07:00</when>
<gx:coord>4.3778902 50.8441178 0</gx:coord>
<when>2014-07-08T01:35:09.795-07:00</when>
<gx:coord>4.3778338 50.8442067 0</gx:coord>
<when>2014-07-08T01:36:14.285-07:00</when>
<gx:coord>4.3778335 50.8442067 0</gx:coord>
<when>2014-07-08T01:37:14.327-07:00</when>
<gx:coord>4.3777233 50.8442346 0</gx:coord>
<when>2014-07-08T01:38:22.182-07:00</when>
<gx:coord>4.3776557 50.8442324 0</gx:coord>
<when>2014-07-08T01:39:22.236-07:00</when>
<gx:coord>4.3778336 50.844206 0</gx:coord>
<when>2014-07-08T01:40:28.214-07:00</when>
<gx:coord>4.3777815 50.8442339 0</gx:coord>
<when>2014-07-08T01:42:06.342-07:00</when>
<gx:coord>4.3777696 50.8442396 0</gx:coord>
<when>2014-07-08T01:43:41.295-07:00</when>
<gx:coord>4.3778335 50.8442067 0</gx:coord>
<when>2014-07-08T01:48:27.307-07:00</when>
<gx:coord>4.3778526 50.8441696 0</gx:coord>
<when>2014-07-08T01:50:10.943-07:00</when>
<gx:coord>4.3777229 50.8442205 0</gx:coord>
<when>2014-07-08T01:51:12.499-07:00</when>
<gx:coord>4.377359 50.8444046 0</gx:coord>
<when>2014-07-08T01:52:27.365-07:00</when>
<gx:coord>4.37682 50.8442598 0</gx:coord>
<when>2014-07-08T01:53:27.388-07:00</when>
<gx:coord>4.3770559 50.8442628 0</gx:coord>
<when>2014-07-08T01:54:27.430-07:00</when>
<gx:coord>4.3776975 50.8442164 0</gx:coord>
<when>2014-07-08T01:55:35.287-07:00</when>
<gx:coord>4.3778334 50.8442064 0</gx:coord>
<when>2014-07-08T01:56:35.336-07:00</when>
<gx:coord>4.3778338 50.8442067 0</gx:coord>
<when>2014-07-08T01:57:35.346-07:00</when>
<gx:coord>4.3778335 50.8442067 0</gx:coord>
<when>2014-07-08T01:58:40.810-07:00</when>
<gx:coord>4.3778335 50.8442067 0</gx:coord>
<when>2014-07-08T01:59:40.884-07:00</when>
<gx:coord>4.3778334 50.8442064 0</gx:coord>
<when>2014-07-08T02:00:40.884-07:00</when>
<gx:coord>4.3778335 50.8442067 0</gx:coord>
<when>2014-07-08T02:01:46.009-07:00</when>
<gx:coord>4.3778335 50.8442067 0</gx:coord>
<when>2014-07-08T02:02:53.151-07:00</when>
<gx:coord>4.3778335 50.8442067 0</gx:coord>
<when>2014-07-08T02:04:03.271-07:00</when>
<gx:coord>4.3778335 50.8442067 0</gx:coord>
<when>2014-07-08T02:05:04.463-07:00</when>
<gx:coord>4.3778335 50.8442067 0</gx:coord>
<when>2014-07-08T02:06:08.292-07:00</when>
<gx:coord>4.3778332 50.8442057 0</gx:coord>
<when>2014-07-08T02:07:09.144-07:00</when>
<gx:coord>4.3778337 50.8442071 0</gx:coord>
<when>2014-07-08T02:08:48.163-07:00</when>
<gx:coord>4.3778696 50.8441558 0</gx:coord>
<when>2014-07-08T02:10:03.184-07:00</when>
<gx:coord>4.3778526 50.8441696 0</gx:coord>
<when>2014-07-08T02:11:03.307-07:00</when>
<gx:coord>4.3778741 50.8441345 0</gx:coord>
<when>2014-07-08T02:12:28.311-07:00</when>
<gx:coord>4.3778526 50.8441696 0</gx:coord>
<when>2014-07-08T02:13:28.299-07:00</when>
<gx:coord>4.377881 50.8441217 0</gx:coord>
<when>2014-07-08T02:14:28.320-07:00</when>
<gx:coord>4.3778601 50.8441598 0</gx:coord>
<when>2014-07-08T02:15:29.531-07:00</when>
<gx:coord>4.3779183 50.844188 0</gx:coord>
<when>2014-07-08T02:17:04.253-07:00</when>
<gx:coord>4.3779183 50.844188 0</gx:coord>
<when>2014-07-08T02:18:03.976-07:00</when>
<gx:coord>4.3768196 50.8442594 0</gx:coord>
<when>2014-07-08T02:19:07.227-07:00</when>
<gx:coord>4.37682 50.8442598 0</gx:coord>
<when>2014-07-08T02:20:37.831-07:00</when>
<gx:coord>4.3774216 50.8445099 0</gx:coord>
<when>2014-07-08T02:21:35.352-07:00</when>
<gx:coord>4.3776427 50.8444989 0</gx:coord>
<when>2014-07-08T02:22:43.205-07:00</when>
<gx:coord>4.3776469 50.8444606 0</gx:coord>
<when>2014-07-08T02:24:04.184-07:00</when>
<gx:coord>4.3775547 50.8444033 0</gx:coord>
<when>2014-07-08T02:25:06.324-07:00</when>
<gx:coord>4.377789 50.8442065 0</gx:coord>
<when>2014-07-08T02:26:10.167-07:00</when>
<gx:coord>4.3777926 50.8442044 0</gx:coord>
<when>2014-07-08T02:27:11.249-07:00</when>
<gx:coord>4.3778335 50.8442067 0</gx:coord>
<when>2014-07-08T02:28:12.336-07:00</when>
<gx:coord>4.3778335 50.8442067 0</gx:coord>
<when>2014-07-08T02:29:13.257-07:00</when>
<gx:coord>4.3777233 50.8442346 0</gx:coord>
<when>2014-07-08T02:30:19.389-07:00</when>
<gx:coord>4.3768197 50.84426 0</gx:coord>
<when>2014-07-08T02:31:39.477-07:00</when>
<gx:coord>4.3768197 50.84426 0</gx:coord>
<when>2014-07-08T02:32:39.497-07:00</when>
<gx:coord>4.3768203 50.8442614 0</gx:coord>
<when>2014-07-08T02:33:39.501-07:00</when>
<gx:coord>4.3768197 50.8442588 0</gx:coord>
<when>2014-07-08T02:35:14.974-07:00</when>
<gx:coord>4.3777491 50.8442551 0</gx:coord>
<when>2014-07-08T02:36:22.307-07:00</when>
<gx:coord>4.377862 50.8441603 0</gx:coord>
<when>2014-07-08T02:37:46.243-07:00</when>
<gx:coord>4.3778515 50.8441655 0</gx:coord>
<when>2014-07-08T02:39:19.730-07:00</when>
<gx:coord>4.3778526 50.8441696 0</gx:coord>
<when>2014-07-08T02:40:33.288-07:00</when>
<gx:coord>4.3778528 50.8441664 0</gx:coord>
<when>2014-07-08T02:41:33.528-07:00</when>
<gx:coord>4.3778667 50.8441477 0</gx:coord>
<when>2014-07-08T02:42:34.156-07:00</when>
<gx:coord>4.3778696 50.8441558 0</gx:coord>
<when>2014-07-08T02:43:35.623-07:00</when>
<gx:coord>4.3778336 50.844206 0</gx:coord>
<when>2014-07-08T02:44:35.723-07:00</when>
<gx:coord>4.3778335 50.8442067 0</gx:coord>
<when>2014-07-08T02:45:45.178-07:00</when>
<gx:coord>4.3778331 50.8442063 0</gx:coord>
<when>2014-07-08T02:46:48.366-07:00</when>
<gx:coord>4.3777582 50.8441597 0</gx:coord>
<when>2014-07-08T02:47:59.320-07:00</when>
<gx:coord>4.3777425 50.8441353 0</gx:coord>
<when>2014-07-08T02:48:59.330-07:00</when>
<gx:coord>4.3778335 50.8442067 0</gx:coord>
<when>2014-07-08T02:49:59.344-07:00</when>
<gx:coord>4.377862 50.8441603 0</gx:coord>
<when>2014-07-08T02:51:42.790-07:00</when>
<gx:coord>4.3777466 50.8441763 0</gx:coord>
<when>2014-07-08T02:53:03.178-07:00</when>
<gx:coord>4.377682 50.8442323 0</gx:coord>
<when>2014-07-08T02:54:07.234-07:00</when>
<gx:coord>4.3778335 50.8442067 0</gx:coord>
<when>2014-07-08T02:55:08.292-07:00</when>
<gx:coord>4.3778335 50.8442067 0</gx:coord>
<when>2014-07-08T02:56:08.285-07:00</when>
<gx:coord>4.3777233 50.8442346 0</gx:coord>
<when>2014-07-08T02:57:08.229-07:00</when>
<gx:coord>4.3777437 50.8441797 0</gx:coord>
<when>2014-07-08T02:58:08.325-07:00</when>
<gx:coord>4.3778528 50.8441664 0</gx:coord>
<when>2014-07-08T02:59:08.303-07:00</when>
<gx:coord>4.3778334 50.8442064 0</gx:coord>
<when>2014-07-08T03:00:10.956-07:00</when>
<gx:coord>4.3778334 50.8442064 0</gx:coord>
<when>2014-07-08T03:01:12.442-07:00</when>
<gx:coord>4.3778335 50.8442067 0</gx:coord>
<when>2014-07-08T03:02:12.495-07:00</when>
<gx:coord>4.3778335 50.8442067 0</gx:coord>
<when>2014-07-08T03:03:27.275-07:00</when>
<gx:coord>4.3778334 50.8442064 0</gx:coord>
<when>2014-07-08T03:04:49.248-07:00</when>
<gx:coord>4.3778332 50.8442057 0</gx:coord>
<when>2014-07-08T03:05:49.275-07:00</when>
<gx:coord>4.3778334 50.8442064 0</gx:coord>
<when>2014-07-08T03:06:49.231-07:00</when>
<gx:coord>4.3778591 50.844162 0</gx:coord>
<when>2014-07-08T03:07:49.320-07:00</when>
<gx:coord>4.3778526 50.8441696 0</gx:coord>
<when>2014-07-08T03:08:50.107-07:00</when>
<gx:coord>4.3778337 50.8442071 0</gx:coord>
<when>2014-07-08T03:09:57.230-07:00</when>
<gx:coord>4.3778526 50.8441696 0</gx:coord>
<when>2014-07-08T03:10:58.181-07:00</when>
<gx:coord>4.3778741 50.8441345 0</gx:coord>
<when>2014-07-08T03:12:04.275-07:00</when>
<gx:coord>4.3777466 50.8441763 0</gx:coord>
<when>2014-07-08T03:13:08.238-07:00</when>
<gx:coord>4.3777486 50.8441833 0</gx:coord>
<when>2014-07-08T03:14:09.133-07:00</when>
<gx:coord>4.3778902 50.8441178 0</gx:coord>
<when>2014-07-08T03:15:15.427-07:00</when>
<gx:coord>4.377862 50.8441603 0</gx:coord>
<when>2014-07-08T03:16:17.290-07:00</when>
<gx:coord>4.377862 50.8441603 0</gx:coord>
<when>2014-07-08T03:17:22.469-07:00</when>
<gx:coord>4.3777466 50.8441763 0</gx:coord>
<when>2014-07-08T03:19:03.186-07:00</when>
<gx:coord>4.3777468 50.844185 0</gx:coord>
<when>2014-07-08T03:20:43.177-07:00</when>
<gx:coord>4.3777468 50.844185 0</gx:coord>
<when>2014-07-08T03:21:44.225-07:00</when>
<gx:coord>4.3777329 50.8441739 0</gx:coord>
<when>2014-07-08T03:22:45.212-07:00</when>
<gx:coord>4.3777486 50.8441833 0</gx:coord>
<when>2014-07-08T03:23:45.280-07:00</when>
<gx:coord>4.3777468 50.844185 0</gx:coord>
<when>2014-07-08T03:25:03.241-07:00</when>
<gx:coord>4.3777468 50.844185 0</gx:coord>
<when>2014-07-08T03:26:25.303-07:00</when>
<gx:coord>4.3777437 50.8441797 0</gx:coord>
<when>2014-07-08T03:27:25.330-07:00</when>
<gx:coord>4.3777466 50.8441763 0</gx:coord>
<when>2014-07-08T03:28:25.373-07:00</when>
<gx:coord>4.37774 50.8442334 0</gx:coord>
<when>2014-07-08T03:29:26.146-07:00</when>
<gx:coord>4.3776557 50.8442324 0</gx:coord>
<when>2014-07-08T03:30:26.168-07:00</when>
<gx:coord>4.3778332 50.8442057 0</gx:coord>
<when>2014-07-08T03:32:03.119-07:00</when>
<gx:coord>4.3778336 50.844206 0</gx:coord>
<when>2014-07-08T03:33:03.253-07:00</when>
<gx:coord>4.3778337 50.8442071 0</gx:coord>
<when>2014-07-08T03:37:49.280-07:00</when>
<gx:coord>4.3778335 50.8442067 0</gx:coord>
<when>2014-07-08T03:42:04.155-07:00</when>
<gx:coord>4.3778335 50.8442067 0</gx:coord>
<when>2014-07-08T03:43:12.227-07:00</when>
<gx:coord>4.3778335 50.8442067 0</gx:coord>
<when>2014-07-08T03:44:12.252-07:00</when>
<gx:coord>4.3778331 50.8442063 0</gx:coord>
<when>2014-07-08T03:45:12.308-07:00</when>
<gx:coord>4.3778335 50.8442067 0</gx:coord>
<when>2014-07-08T03:46:13.285-07:00</when>
<gx:coord>4.3778335 50.8442067 0</gx:coord>
<when>2014-07-08T03:47:50.329-07:00</when>
<gx:coord>4.3778335 50.8442067 0</gx:coord>
<when>2014-07-08T03:49:30.859-07:00</when>
<gx:coord>4.3778335 50.8442067 0</gx:coord>
<when>2014-07-08T03:51:03.163-07:00</when>
<gx:coord>4.3778335 50.8442067 0</gx:coord>
<when>2014-07-08T03:52:04.720-07:00</when>
<gx:coord>4.3778334 50.8442064 0</gx:coord>
<when>2014-07-08T03:59:03.306-07:00</when>
<gx:coord>4.3778526 50.8441696 0</gx:coord>
<when>2014-07-08T04:05:04.226-07:00</when>
<gx:coord>4.3778335 50.8442067 0</gx:coord>
<when>2014-07-08T04:09:50.186-07:00</when>
<gx:coord>4.377862 50.8441603 0</gx:coord>
<when>2014-07-08T04:13:12.479-07:00</when>
<gx:coord>4.377862 50.8441603 0</gx:coord>
<when>2014-07-08T04:14:12.546-07:00</when>
<gx:coord>4.377862 50.8441603 0</gx:coord>
<when>2014-07-08T04:15:45.932-07:00</when>
<gx:coord>4.3772603 50.8445536 0</gx:coord>
<when>2014-07-08T04:17:03.225-07:00</when>
<gx:coord>4.3773922 50.8446615 0</gx:coord>
<when>2014-07-08T04:18:03.864-07:00</when>
<gx:coord>4.376126 50.8444336 0</gx:coord>
<when>2014-07-08T04:19:04.143-07:00</when>
<gx:coord>4.376126 50.8444336 0</gx:coord>
<when>2014-07-08T04:20:04.152-07:00</when>
<gx:coord>4.3767984 50.8446059 0</gx:coord>
<when>2014-07-08T04:21:04.170-07:00</when>
<gx:coord>4.3760697 50.8444479 0</gx:coord>
<when>2014-07-08T04:22:04.215-07:00</when>
<gx:coord>4.3760697 50.8444479 0</gx:coord>
<when>2014-07-08T04:23:14.155-07:00</when>
<gx:coord>4.3774307 50.8461365 0</gx:coord>
<when>2014-07-08T04:24:14.295-07:00</when>
<gx:coord>4.3775194 50.844766 0</gx:coord>
<when>2014-07-08T04:25:22.301-07:00</when>
<gx:coord>4.3764804 50.8445492 0</gx:coord>
<when>2014-07-08T04:26:22.352-07:00</when>
<gx:coord>4.3767867 50.8444536 0</gx:coord>
<when>2014-07-08T04:27:22.356-07:00</when>
<gx:coord>4.376378 50.8444209 0</gx:coord>
<when>2014-07-08T04:28:23.409-07:00</when>
<gx:coord>4.3761941 50.8443781 0</gx:coord>
<when>2014-07-08T04:29:23.502-07:00</when>
<gx:coord>4.3762052 50.844373 0</gx:coord>
<when>2014-07-08T04:30:23.602-07:00</when>
<gx:coord>4.3761876 50.8443725 0</gx:coord>
<when>2014-07-08T04:31:15.825-07:00</when>
<gx:coord>4.376048 50.8444094 0</gx:coord>
<when>2014-07-08T04:32:23.480-07:00</when>
<gx:coord>4.3774307 50.8461365 0</gx:coord>
<when>2014-07-08T04:33:25.143-07:00</when>
<gx:coord>4.3774307 50.8461365 0</gx:coord>
<when>2014-07-08T04:34:26.304-07:00</when>
<gx:coord>4.3760697 50.8444479 0</gx:coord>
<when>2014-07-08T04:35:39.701-07:00</when>
<gx:coord>4.3760697 50.8444479 0</gx:coord>
<when>2014-07-08T04:36:40.260-07:00</when>
<gx:coord>4.3774307 50.8461365 0</gx:coord>
<when>2014-07-08T04:38:04.106-07:00</when>
<gx:coord>4.3774307 50.8461365 0</gx:coord>
<when>2014-07-08T04:39:05.243-07:00</when>
<gx:coord>4.3774307 50.8461365 0</gx:coord>
<when>2014-07-08T04:40:06.243-07:00</when>
<gx:coord>4.3760697 50.8444479 0</gx:coord>
<when>2014-07-08T04:41:06.272-07:00</when>
<gx:coord>4.3760697 50.8444479 0</gx:coord>
<when>2014-07-08T04:42:06.226-07:00</when>
<gx:coord>4.3760697 50.8444479 0</gx:coord>
<when>2014-07-08T04:43:11.268-07:00</when>
<gx:coord>4.377862 50.8441603 0</gx:coord>
<when>2014-07-08T04:44:33.101-07:00</when>
<gx:coord>4.3778902 50.8441178 0</gx:coord>
<when>2014-07-08T04:45:33.137-07:00</when>
<gx:coord>4.3778902 50.8441178 0</gx:coord>
<when>2014-07-08T04:46:35.281-07:00</when>
<gx:coord>4.3778526 50.8441696 0</gx:coord>
<when>2014-07-08T04:48:04.166-07:00</when>
<gx:coord>4.3778902 50.8441178 0</gx:coord>
<when>2014-07-08T04:49:04.170-07:00</when>
<gx:coord>4.3778667 50.8441477 0</gx:coord>
<when>2014-07-08T04:50:04.128-07:00</when>
<gx:coord>4.3779243 50.8441631 0</gx:coord>
<when>2014-07-08T04:51:04.197-07:00</when>
<gx:coord>4.3779266 50.8441574 0</gx:coord>
<when>2014-07-08T04:52:04.239-07:00</when>
<gx:coord>4.3778601 50.8441598 0</gx:coord>
<when>2014-07-08T04:53:04.245-07:00</when>
<gx:coord>4.3778696 50.8441558 0</gx:coord>
<when>2014-07-08T04:57:49.266-07:00</when>
<gx:coord>4.377881 50.8441217 0</gx:coord>
<when>2014-07-08T04:59:09.806-07:00</when>
<gx:coord>4.3778688 50.8441485 0</gx:coord>
<when>2014-07-08T05:00:23.277-07:00</when>
<gx:coord>4.3778008 50.844247 0</gx:coord>
<when>2014-07-08T05:01:23.314-07:00</when>
<gx:coord>4.3775465 50.8444814 0</gx:coord>
<when>2014-07-08T05:02:26.949-07:00</when>
<gx:coord>4.3775023 50.8445072 0</gx:coord>
<when>2014-07-08T05:04:04.197-07:00</when>
<gx:coord>4.3773721 50.8446197 0</gx:coord>
<when>2014-07-08T05:05:08.403-07:00</when>
<gx:coord>4.3778335 50.8442067 0</gx:coord>
<when>2014-07-08T05:06:47.167-07:00</when>
<gx:coord>4.3778336 50.844206 0</gx:coord>
<when>2014-07-08T05:08:03.160-07:00</when>
<gx:coord>4.377862 50.8441603 0</gx:coord>
<when>2014-07-08T05:09:12.142-07:00</when>
<gx:coord>4.3778601 50.8441598 0</gx:coord>
<when>2014-07-08T05:10:14.832-07:00</when>
<gx:coord>4.3778531 50.8441649 0</gx:coord>
<when>2014-07-08T05:11:14.864-07:00</when>
<gx:coord>4.3778547 50.8441637 0</gx:coord>
<when>2014-07-08T05:12:15.682-07:00</when>
<gx:coord>4.3778645 50.8441527 0</gx:coord>
<when>2014-07-08T05:13:15.895-07:00</when>
<gx:coord>4.3778645 50.8441527 0</gx:coord>
<when>2014-07-08T05:14:15.958-07:00</when>
<gx:coord>4.3778531 50.8441649 0</gx:coord>
<when>2014-07-08T05:15:16.137-07:00</when>
<gx:coord>4.3778696 50.8441558 0</gx:coord>
<when>2014-07-08T05:16:16.295-07:00</when>
<gx:coord>4.3778526 50.8441696 0</gx:coord>
<when>2014-07-08T05:17:16.392-07:00</when>
<gx:coord>4.377808 50.8442326 0</gx:coord>
<when>2014-07-08T05:18:16.346-07:00</when>
<gx:coord>4.377822 50.8442231 0</gx:coord>
<when>2014-07-08T05:20:11.030-07:00</when>
<gx:coord>4.3778027 50.8441997 0</gx:coord>
<when>2014-07-08T05:21:24.693-07:00</when>
<gx:coord>4.3778601 50.8441598 0</gx:coord>
<when>2014-07-08T05:22:26.281-07:00</when>
<gx:coord>4.3778601 50.8441598 0</gx:coord>
<when>2014-07-08T05:23:29.468-07:00</when>
<gx:coord>4.3778526 50.8441696 0</gx:coord>
<when>2014-07-08T05:24:29.503-07:00</when>
<gx:coord>4.3778563 50.8441625 0</gx:coord>
<when>2014-07-08T05:25:29.522-07:00</when>
<gx:coord>4.3778563 50.8441625 0</gx:coord>
<when>2014-07-08T05:26:29.472-07:00</when>
<gx:coord>4.3778601 50.8441598 0</gx:coord>
<when>2014-07-08T05:27:29.539-07:00</when>
<gx:coord>4.3778531 50.8441649 0</gx:coord>
<when>2014-07-08T05:28:29.469-07:00</when>
<gx:coord>4.3778563 50.8441625 0</gx:coord>
<when>2014-07-08T05:29:29.526-07:00</when>
<gx:coord>4.3778601 50.8441598 0</gx:coord>
<when>2014-07-08T05:30:29.581-07:00</when>
<gx:coord>4.3778531 50.8441649 0</gx:coord>
<when>2014-07-08T05:35:14.593-07:00</when>
<gx:coord>4.3778526 50.8441696 0</gx:coord>
<when>2014-07-08T05:36:31.146-07:00</when>
<gx:coord>4.3778526 50.8441696 0</gx:coord>
<when>2014-07-08T05:37:44.197-07:00</when>
<gx:coord>4.3778591 50.844162 0</gx:coord>
<when>2014-07-08T05:38:45.246-07:00</when>
<gx:coord>4.3774986 50.8443703 0</gx:coord>
<when>2014-07-08T05:39:56.286-07:00</when>
<gx:coord>4.3774038 50.8444741 0</gx:coord>
<when>2014-07-08T05:40:56.226-07:00</when>
<gx:coord>4.3768197 50.84426 0</gx:coord>
<when>2014-07-08T05:41:56.227-07:00</when>
<gx:coord>4.3768196 50.8442594 0</gx:coord>
<when>2014-07-08T05:42:56.289-07:00</when>
<gx:coord>4.3768197 50.84426 0</gx:coord>
<when>2014-07-08T05:43:56.291-07:00</when>
<gx:coord>4.3768197 50.84426 0</gx:coord>
<when>2014-07-08T05:44:56.391-07:00</when>
<gx:coord>4.3768199 50.8442594 0</gx:coord>
<when>2014-07-08T05:46:00.256-07:00</when>
<gx:coord>4.3776272 50.8443175 0</gx:coord>
<when>2014-07-08T05:47:06.799-07:00</when>
<gx:coord>4.3777091 50.8442743 0</gx:coord>
<when>2014-07-08T05:48:06.856-07:00</when>
<gx:coord>4.377867 50.8441509 0</gx:coord>
<when>2014-07-08T05:49:06.857-07:00</when>
<gx:coord>4.3778525 50.8441722 0</gx:coord>
<when>2014-07-08T05:50:11.038-07:00</when>
<gx:coord>4.377862 50.8441603 0</gx:coord>
<when>2014-07-08T05:51:18.756-07:00</when>
<gx:coord>4.377862 50.8441603 0</gx:coord>
<when>2014-07-08T05:52:25.021-07:00</when>
<gx:coord>4.3778696 50.8441558 0</gx:coord>
<when>2014-07-08T05:53:25.060-07:00</when>
<gx:coord>4.3778696 50.8441558 0</gx:coord>
<when>2014-07-08T05:54:26.071-07:00</when>
<gx:coord>4.3778528 50.8441664 0</gx:coord>
<when>2014-07-08T05:55:29.115-07:00</when>
<gx:coord>4.377862 50.8441603 0</gx:coord>
<when>2014-07-08T05:56:37.246-07:00</when>
<gx:coord>4.3778591 50.844162 0</gx:coord>
<when>2014-07-08T05:57:43.222-07:00</when>
<gx:coord>4.3778736 50.8441349 0</gx:coord>
<when>2014-07-08T05:58:56.558-07:00</when>
<gx:coord>4.3778526 50.8441696 0</gx:coord>
<when>2014-07-08T06:00:56.821-07:00</when>
<gx:coord>4.3778022 50.8442007 0</gx:coord>
<when>2014-07-08T06:02:50.215-07:00</when>
<gx:coord>4.3777929 50.8441987 0</gx:coord>
<when>2014-07-08T06:07:38.379-07:00</when>
<gx:coord>4.3778526 50.8441696 0</gx:coord>
<when>2014-07-08T06:10:06.762-07:00</when>
<gx:coord>4.377862 50.8441603 0</gx:coord>
<when>2014-07-08T06:11:22.044-07:00</when>
<gx:coord>4.377862 50.8441603 0</gx:coord>
<when>2014-07-08T06:12:22.812-07:00</when>
<gx:coord>4.3778591 50.844162 0</gx:coord>
<when>2014-07-08T06:13:22.926-07:00</when>
<gx:coord>4.3778526 50.8441696 0</gx:coord>
<when>2014-07-08T06:14:23.044-07:00</when>
<gx:coord>4.3778591 50.844162 0</gx:coord>
<when>2014-07-08T06:15:23.230-07:00</when>
<gx:coord>4.3778526 50.8441696 0</gx:coord>
<when>2014-07-08T06:16:23.389-07:00</when>
<gx:coord>4.377862 50.8441603 0</gx:coord>
<when>2014-07-08T06:17:23.608-07:00</when>
<gx:coord>4.3778528 50.8441664 0</gx:coord>
<when>2014-07-08T06:18:23.721-07:00</when>
<gx:coord>4.3778528 50.8441664 0</gx:coord>
<when>2014-07-08T06:19:23.773-07:00</when>
<gx:coord>4.3778515 50.8441655 0</gx:coord>
<when>2014-07-08T06:24:08.777-07:00</when>
<gx:coord>4.3778335 50.8442067 0</gx:coord>
<when>2014-07-08T06:29:03.117-07:00</when>
<gx:coord>4.3778528 50.8441664 0</gx:coord>
<when>2014-07-08T06:30:07.570-07:00</when>
<gx:coord>4.3778546 50.8441675 0</gx:coord>
<when>2014-07-08T06:31:07.577-07:00</when>
<gx:coord>4.3778713 50.8441418 0</gx:coord>
<when>2014-07-08T06:32:14.460-07:00</when>
<gx:coord>4.3778547 50.8441637 0</gx:coord>
<when>2014-07-08T06:33:14.494-07:00</when>
<gx:coord>4.3778531 50.8441649 0</gx:coord>
<when>2014-07-08T06:34:15.291-07:00</when>
<gx:coord>4.3778134 50.8441922 0</gx:coord>
<when>2014-07-08T06:35:15.702-07:00</when>
<gx:coord>4.3778119 50.8441927 0</gx:coord>
<when>2014-07-08T06:36:15.758-07:00</when>
<gx:coord>4.3778696 50.8441558 0</gx:coord>
<when>2014-07-08T06:37:17.135-07:00</when>
<gx:coord>4.3778696 50.8441558 0</gx:coord>
<when>2014-07-08T06:38:58.380-07:00</when>
<gx:coord>4.3789885 50.8433961 0</gx:coord>
<when>2014-07-08T06:39:43.656-07:00</when>
<gx:coord>4.3777281 50.8442297 0</gx:coord>
<when>2014-07-08T06:41:03.136-07:00</when>
<gx:coord>4.3775291 50.8442616 0</gx:coord>
<when>2014-07-08T06:42:04.344-07:00</when>
<gx:coord>4.3768197 50.84426 0</gx:coord>
<when>2014-07-08T06:43:07.617-07:00</when>
<gx:coord>4.3780488 50.8438449 0</gx:coord>
<when>2014-07-08T06:44:12.603-07:00</when>
<gx:coord>4.37714 50.8433554 0</gx:coord>
<when>2014-07-08T06:45:15.942-07:00</when>
<gx:coord>4.3772339 50.8434851 0</gx:coord>
<when>2014-07-08T06:46:15.905-07:00</when>
<gx:coord>4.3772015 50.843609 0</gx:coord>
<when>2014-07-08T06:47:52.157-07:00</when>
<gx:coord>4.3767351 50.8435462 0</gx:coord>
<when>2014-07-08T06:49:12.555-07:00</when>
<gx:coord>4.3765168 50.8443396 0</gx:coord>
<when>2014-07-08T06:50:12.526-07:00</when>
<gx:coord>4.377358 50.8445376 0</gx:coord>
<when>2014-07-08T06:51:14.324-07:00</when>
<gx:coord>4.377595 50.8444343 0</gx:coord>
<when>2014-07-08T06:53:11.302-07:00</when>
<gx:coord>4.3778332 50.8442057 0</gx:coord>
<when>2014-07-08T06:54:31.261-07:00</when>
<gx:coord>4.3778334 50.8442064 0</gx:coord>
<when>2014-07-08T06:55:35.079-07:00</when>
<gx:coord>4.3778334 50.8442064 0</gx:coord>
<when>2014-07-08T06:56:35.153-07:00</when>
<gx:coord>4.3778335 50.8442067 0</gx:coord>
<when>2014-07-08T06:57:35.456-07:00</when>
<gx:coord>4.3778332 50.8442057 0</gx:coord>
<when>2014-07-08T06:58:36.123-07:00</when>
<gx:coord>4.3778336 50.844206 0</gx:coord>
<when>2014-07-08T06:59:37.123-07:00</when>
<gx:coord>4.3778335 50.8442067 0</gx:coord>
<when>2014-07-08T07:00:53.237-07:00</when>
<gx:coord>4.3778334 50.8442064 0</gx:coord>
<when>2014-07-08T07:02:53.665-07:00</when>
<gx:coord>4.3778334 50.8442064 0</gx:coord>
<when>2014-07-08T07:05:04.149-07:00</when>
<gx:coord>4.3778336 50.844206 0</gx:coord>
<when>2014-07-08T07:06:57.310-07:00</when>
<gx:coord>4.3778336 50.844206 0</gx:coord>
<when>2014-07-08T07:12:13.690-07:00</when>
<gx:coord>4.3778332 50.8442057 0</gx:coord>
<when>2014-07-08T07:13:28.207-07:00</when>
<gx:coord>4.3778336 50.844206 0</gx:coord>
<when>2014-07-08T07:15:03.132-07:00</when>
<gx:coord>4.3778332 50.8442057 0</gx:coord>
<when>2014-07-08T07:16:03.467-07:00</when>
<gx:coord>4.3778338 50.8442083 0</gx:coord>
<when>2014-07-08T07:17:04.293-07:00</when>
<gx:coord>4.3778331 50.8442063 0</gx:coord>
<when>2014-07-08T07:18:37.093-07:00</when>
<gx:coord>4.3778332 50.8442057 0</gx:coord>
<when>2014-07-08T07:19:37.748-07:00</when>
<gx:coord>4.3778334 50.8442064 0</gx:coord>
<when>2014-07-08T07:20:38.194-07:00</when>
<gx:coord>4.3778338 50.8442083 0</gx:coord>
<when>2014-07-08T07:21:38.226-07:00</when>
<gx:coord>4.3778336 50.844206 0</gx:coord>
<when>2014-07-08T07:22:38.297-07:00</when>
<gx:coord>4.3778336 50.844206 0</gx:coord>
<when>2014-07-08T07:23:38.239-07:00</when>
<gx:coord>4.3778332 50.8442057 0</gx:coord>
<when>2014-07-08T07:24:38.333-07:00</when>
<gx:coord>4.3778336 50.844206 0</gx:coord>
<when>2014-07-08T07:26:04.241-07:00</when>
<gx:coord>4.3778332 50.8442057 0</gx:coord>
<when>2014-07-08T07:27:04.285-07:00</when>
<gx:coord>4.3778336 50.844206 0</gx:coord>
<when>2014-07-08T07:28:04.311-07:00</when>
<gx:coord>4.3778336 50.844206 0</gx:coord>
<when>2014-07-08T07:29:04.343-07:00</when>
<gx:coord>4.3777487 50.8442794 0</gx:coord>
<when>2014-07-08T07:30:27.112-07:00</when>
<gx:coord>4.3777815 50.8442405 0</gx:coord>
<when>2014-07-08T07:31:27.143-07:00</when>
<gx:coord>4.3778336 50.844206 0</gx:coord>
<when>2014-07-08T07:32:27.290-07:00</when>
<gx:coord>4.3778335 50.8442067 0</gx:coord>
<when>2014-07-08T07:33:28.277-07:00</when>
<gx:coord>4.3778337 50.8442071 0</gx:coord>
<when>2014-07-08T07:34:29.128-07:00</when>
<gx:coord>4.3778338 50.8442083 0</gx:coord>
<when>2014-07-08T07:36:04.172-07:00</when>
<gx:coord>4.3778332 50.8442057 0</gx:coord>
<when>2014-07-08T07:37:05.174-07:00</when>
<gx:coord>4.3778334 50.8442064 0</gx:coord>
<when>2014-07-08T07:38:09.267-07:00</when>
<gx:coord>4.3778335 50.8442067 0</gx:coord>
<when>2014-07-08T07:39:22.200-07:00</when>
<gx:coord>4.377862 50.8441603 0</gx:coord>
<when>2014-07-08T07:40:24.197-07:00</when>
<gx:coord>4.3778688 50.8441485 0</gx:coord>
<when>2014-07-08T07:41:24.300-07:00</when>
<gx:coord>4.3778736 50.8441349 0</gx:coord>
<when>2014-07-08T07:42:52.160-07:00</when>
<gx:coord>4.3778337 50.8442071 0</gx:coord>
<when>2014-07-08T07:44:02.535-07:00</when>
<gx:coord>4.3777593 50.8442323 0</gx:coord>
<when>2014-07-08T07:45:03.143-07:00</when>
<gx:coord>4.37774 50.8442334 0</gx:coord>
<when>2014-07-08T07:46:03.621-07:00</when>
<gx:coord>4.3778515 50.8441655 0</gx:coord>
<when>2014-07-08T07:47:03.757-07:00</when>
<gx:coord>4.3773851 50.8437317 0</gx:coord>
<when>2014-07-08T07:48:14.536-07:00</when>
<gx:coord>4.3754421 50.8440831 0</gx:coord>
<when>2014-07-08T07:49:25.891-07:00</when>
<gx:coord>4.3747588 50.8442917 0</gx:coord>
<when>2014-07-08T07:50:25.826-07:00</when>
<gx:coord>4.3731232 50.8446999 0</gx:coord>
<when>2014-07-08T07:51:25.864-07:00</when>
<gx:coord>4.3707226 50.8451834 0</gx:coord>
<when>2014-07-08T07:52:28.642-07:00</when>
<gx:coord>4.3707039 50.8451875 0</gx:coord>
<when>2014-07-08T07:53:28.624-07:00</when>
<gx:coord>4.3690612 50.8454326 0</gx:coord>
<when>2014-07-08T07:54:35.903-07:00</when>
<gx:coord>4.3689371 50.8458568 0</gx:coord>
<when>2014-07-08T07:55:35.026-07:00</when>
<gx:coord>4.3695434 50.8426959 0</gx:coord>
<when>2014-07-08T07:56:33.965-07:00</when>
<gx:coord>4.3680904 50.8395139 0</gx:coord>
<when>2014-07-08T07:57:41.269-07:00</when>
<gx:coord>4.3678381 50.8396681 0</gx:coord>
<when>2014-07-08T07:58:42.843-07:00</when>
<gx:coord>4.3624242 50.8370802 0</gx:coord>
<when>2014-07-08T08:00:03.177-07:00</when>
<gx:coord>4.3624242 50.8370802 0</gx:coord>
<when>2014-07-08T08:19:27.370-07:00</when>
<gx:coord>4.3601892 50.837265 0</gx:coord>
<when>2014-07-08T08:20:27.919-07:00</when>
<gx:coord>4.3606378 50.8379463 0</gx:coord>
<when>2014-07-08T08:21:28.137-07:00</when>
<gx:coord>4.3606534 50.8379512 0</gx:coord>
<when>2014-07-08T08:22:44.037-07:00</when>
<gx:coord>4.361629 50.8382495 0</gx:coord>
<when>2014-07-08T08:23:53.493-07:00</when>
<gx:coord>4.3622963 50.8371049 0</gx:coord>
<when>2014-07-08T08:25:13.995-07:00</when>
<gx:coord>4.3670387 50.8397503 0</gx:coord>
<when>2014-07-08T08:26:21.977-07:00</when>
<gx:coord>4.3620655 50.8360493 0</gx:coord>
<when>2014-07-08T08:27:25.748-07:00</when>
<gx:coord>4.3620511 50.8360726 0</gx:coord>
<when>2014-07-08T08:29:03.145-07:00</when>
<gx:coord>4.3620979 50.8361355 0</gx:coord>
<when>2014-07-08T08:30:05.029-07:00</when>
<gx:coord>4.3627268 50.836528 0</gx:coord>
<when>2014-07-08T08:31:10.278-07:00</when>
<gx:coord>4.3627391 50.8365237 0</gx:coord>
<when>2014-07-08T08:32:10.320-07:00</when>
<gx:coord>4.3627916 50.8364262 0</gx:coord>
<when>2014-07-08T08:34:03.562-07:00</when>
<gx:coord>4.3625083 50.8363846 0</gx:coord>
<when>2014-07-08T08:35:11.004-07:00</when>
<gx:coord>4.3623338 50.8362375 0</gx:coord>
<when>2014-07-08T08:36:06.174-07:00</when>
<gx:coord>4.3627155 50.8365851 0</gx:coord>
<when>2014-07-08T08:37:08.232-07:00</when>
<gx:coord>4.3627029 50.8365996 0</gx:coord>
<when>2014-07-08T08:38:07.380-07:00</when>
<gx:coord>4.3629047 50.8363018 0</gx:coord>
<when>2014-07-08T08:40:03.241-07:00</when>
<gx:coord>4.3628239 50.8362587 0</gx:coord>
<when>2014-07-08T08:41:03.428-07:00</when>
<gx:coord>4.3628794 50.8361496 0</gx:coord>
<when>2014-07-08T08:42:03.466-07:00</when>
<gx:coord>4.3629676 50.8361514 0</gx:coord>
<when>2014-07-08T08:43:48.482-07:00</when>
<gx:coord>4.3633914 50.8361082 0</gx:coord>
<when>2014-07-08T08:45:11.353-07:00</when>
<gx:coord>4.3635011 50.8361467 0</gx:coord>
<when>2014-07-08T08:46:46.079-07:00</when>
<gx:coord>4.3637868 50.8357045 0</gx:coord>
<when>2014-07-08T08:48:03.343-07:00</when>
<gx:coord>4.3637864 50.8356864 0</gx:coord>
<when>2014-07-08T08:48:50.230-07:00</when>
<gx:coord>4.3635158 50.8365402 0</gx:coord>
<when>2014-07-08T08:49:36.852-07:00</when>
<gx:coord>4.3641359 50.8352367 0</gx:coord>
<when>2014-07-08T08:50:29.302-07:00</when>
<gx:coord>4.364325 50.8349994 0</gx:coord>
<when>2014-07-08T08:51:27.705-07:00</when>
<gx:coord>4.3643265 50.8349542 0</gx:coord>
<when>2014-07-08T08:52:38.072-07:00</when>
<gx:coord>4.3649684 50.8344139 0</gx:coord>
<when>2014-07-08T08:53:43.600-07:00</when>
<gx:coord>4.3663897 50.8334351 0</gx:coord>
<when>2014-07-08T08:54:53.261-07:00</when>
<gx:coord>4.3670108 50.8324201 0</gx:coord>
<when>2014-07-08T08:56:15.745-07:00</when>
<gx:coord>4.3681208 50.831669 0</gx:coord>
<when>2014-07-08T08:57:20.528-07:00</when>
<gx:coord>4.3691777 50.8311504 0</gx:coord>
<when>2014-07-08T08:58:19.492-07:00</when>
<gx:coord>4.3702325 50.8299849 0</gx:coord>
<when>2014-07-08T08:59:22.129-07:00</when>
<gx:coord>4.3704913 50.8289856 0</gx:coord>
<when>2014-07-08T09:00:21.200-07:00</when>
<gx:coord>4.3713186 50.8276631 0</gx:coord>
<when>2014-07-08T09:01:32.767-07:00</when>
<gx:coord>4.3703497 50.8265043 0</gx:coord>
<when>2014-07-08T09:02:59.797-07:00</when>
<gx:coord>4.3701787 50.826336 0</gx:coord>
<when>2014-07-08T09:04:19.451-07:00</when>
<gx:coord>4.3684801 50.8242958 0</gx:coord>
<when>2014-07-08T09:05:19.531-07:00</when>
<gx:coord>4.3683496 50.8241482 0</gx:coord>
<when>2014-07-08T09:06:19.519-07:00</when>
<gx:coord>4.3674166 50.8232618 0</gx:coord>
<when>2014-07-08T09:08:03.276-07:00</when>
<gx:coord>4.3673114 50.8231605 0</gx:coord>
<when>2014-07-08T09:09:46.384-07:00</when>
<gx:coord>4.367351 50.8231837 0</gx:coord>
<when>2014-07-08T09:49:26.195-07:00</when>
<gx:coord>4.3680747 50.8233026 0</gx:coord>
<when>2014-07-08T09:50:12.223-07:00</when>
<gx:coord>4.369586 50.8228239 162</gx:coord>
<when>2014-07-08T09:50:58.223-07:00</when>
<gx:coord>4.3696577 50.8207455 167</gx:coord>
<when>2014-07-08T09:51:44.076-07:00</when>
<gx:coord>4.3699664 50.8195752 143</gx:coord>
<when>2014-07-08T09:52:29.153-07:00</when>
<gx:coord>4.3708276 50.8184479 132</gx:coord>
<when>2014-07-08T09:53:14.094-07:00</when>
<gx:coord>4.3713358 50.8170446 132</gx:coord>
<when>2014-07-08T09:53:59.102-07:00</when>
<gx:coord>4.371574 50.815778 124</gx:coord>
<when>2014-07-08T09:54:44.074-07:00</when>
<gx:coord>4.3721116 50.8147015 128</gx:coord>
<when>2014-07-08T09:55:29.137-07:00</when>
<gx:coord>4.3723591 50.8143608 132</gx:coord>
<when>2014-07-08T09:56:15.088-07:00</when>
<gx:coord>4.3718913 50.8142287 135</gx:coord>
<when>2014-07-08T09:57:00.216-07:00</when>
<gx:coord>4.3719914 50.8149392 139</gx:coord>
<when>2014-07-08T09:57:46.117-07:00</when>
<gx:coord>4.3717214 50.816135 138</gx:coord>
<when>2014-07-08T09:58:32.143-07:00</when>
<gx:coord>4.3715729 50.8173364 151</gx:coord>
<when>2014-07-08T09:59:17.141-07:00</when>
<gx:coord>4.3713518 50.818974 139</gx:coord>
<when>2014-07-08T10:00:02.141-07:00</when>
<gx:coord>4.3703906 50.8197541 128</gx:coord>
<when>2014-07-08T10:00:48.174-07:00</when>
<gx:coord>4.3697772 50.8211 133</gx:coord>
<when>2014-07-08T10:01:34.303-07:00</when>
<gx:coord>4.3685701 50.8222666 104</gx:coord>
<when>2014-07-08T10:02:20.198-07:00</when>
<gx:coord>4.367521 50.8230391 140</gx:coord>
<when>2014-07-08T10:03:05.130-07:00</when>
<gx:coord>4.3668921 50.8223648 143</gx:coord>
<when>2014-07-08T10:04:10.416-07:00</when>
<gx:coord>4.3675455 50.8233264 0</gx:coord>
<when>2014-07-08T10:05:13.865-07:00</when>
<gx:coord>4.3674844 50.8233045 0</gx:coord>
<when>2014-07-08T10:06:15.331-07:00</when>
<gx:coord>4.3673772 50.8232866 0</gx:coord>
<when>2014-07-08T10:07:26.204-07:00</when>
<gx:coord>4.3673972 50.8232878 0</gx:coord>
<when>2014-07-08T10:08:28.377-07:00</when>
<gx:coord>4.3674183 50.8232896 0</gx:coord>
<when>2014-07-08T10:10:03.221-07:00</when>
<gx:coord>4.3673719 50.8232678 0</gx:coord>
<when>2014-07-08T10:11:45.334-07:00</when>
<gx:coord>4.3674096 50.8232823 0</gx:coord>
<when>2014-07-08T10:13:03.179-07:00</when>
<gx:coord>4.3673944 50.82331 0</gx:coord>
<when>2014-07-08T10:14:04.358-07:00</when>
<gx:coord>4.3673934 50.8232737 0</gx:coord>
<when>2014-07-08T10:15:04.406-07:00</when>
<gx:coord>4.3673927 50.8232713 0</gx:coord>
<when>2014-07-08T10:16:04.389-07:00</when>
<gx:coord>4.3673832 50.8232655 0</gx:coord>
<when>2014-07-08T10:17:05.386-07:00</when>
<gx:coord>4.3673961 50.823305 0</gx:coord>
<when>2014-07-08T10:18:13.372-07:00</when>
<gx:coord>4.3673881 50.8232979 0</gx:coord>
<when>2014-07-08T10:19:38.168-07:00</when>
<gx:coord>4.3674167 50.8232865 0</gx:coord>
<when>2014-07-08T10:20:44.298-07:00</when>
<gx:coord>4.3674064 50.8232701 0</gx:coord>
<when>2014-07-08T10:21:45.225-07:00</when>
<gx:coord>4.3673904 50.8232857 0</gx:coord>
<when>2014-07-08T10:22:45.262-07:00</when>
<gx:coord>4.3673886 50.8232689 0</gx:coord>
<when>2014-07-08T10:23:45.562-07:00</when>
<gx:coord>4.3673909 50.8232875 0</gx:coord>
<when>2014-07-08T10:24:45.577-07:00</when>
<gx:coord>4.3673734 50.8232742 0</gx:coord>
<when>2014-07-08T10:26:03.221-07:00</when>
<gx:coord>4.3674117 50.8232909 0</gx:coord>
<when>2014-07-08T10:27:03.372-07:00</when>
<gx:coord>4.3673882 50.823278 0</gx:coord>
<when>2014-07-08T10:28:03.423-07:00</when>
<gx:coord>4.3673896 50.8232529 0</gx:coord>
<when>2014-07-08T10:29:07.127-07:00</when>
<gx:coord>4.3674004 50.8232455 0</gx:coord>
<when>2014-07-08T10:29:53.015-07:00</when>
<gx:coord>4.3673155 50.8230823 150</gx:coord>
<when>2014-07-08T10:31:13.202-07:00</when>
<gx:coord>4.3673792 50.8232451 0</gx:coord>
<when>2014-07-08T10:32:17.261-07:00</when>
<gx:coord>4.3673905 50.8232611 0</gx:coord>
<when>2014-07-08T10:33:17.300-07:00</when>
<gx:coord>4.3673906 50.8232718 0</gx:coord>
<when>2014-07-08T10:34:26.891-07:00</when>
<gx:coord>4.3673854 50.8232619 0</gx:coord>
<when>2014-07-08T10:36:03.628-07:00</when>
<gx:coord>4.3673726 50.8232497 0</gx:coord>
<when>2014-07-08T10:37:36.774-07:00</when>
<gx:coord>4.3673642 50.8232834 0</gx:coord>
<when>2014-07-08T10:38:33.265-07:00</when>
<gx:coord>4.3673783 50.8232838 0</gx:coord>
<when>2014-07-08T10:40:15.793-07:00</when>
<gx:coord>4.3673469 50.8232469 0</gx:coord>
<when>2014-07-08T10:41:12.454-07:00</when>
<gx:coord>4.3673507 50.8232563 0</gx:coord>
<when>2014-07-08T10:42:16.110-07:00</when>
<gx:coord>4.3673095 50.8231633 0</gx:coord>
<when>2014-07-08T10:43:11.889-07:00</when>
<gx:coord>4.3673285 50.82315 0</gx:coord>
<when>2014-07-08T10:44:08.339-07:00</when>
<gx:coord>4.3673553 50.8231917 0</gx:coord>
<when>2014-07-08T10:45:15.343-07:00</when>
<gx:coord>4.3673702 50.8232027 0</gx:coord>
<when>2014-07-08T10:46:41.669-07:00</when>
<gx:coord>4.3673773 50.8232732 0</gx:coord>
<when>2014-07-08T10:47:41.712-07:00</when>
<gx:coord>4.3673804 50.8232345 0</gx:coord>
<when>2014-07-08T10:49:05.937-07:00</when>
<gx:coord>4.36734 50.8231747 0</gx:coord>
<when>2014-07-08T10:50:10.845-07:00</when>
<gx:coord>4.36735 50.823218 0</gx:coord>
<when>2014-07-08T10:51:20.813-07:00</when>
<gx:coord>4.3673585 50.8232096 0</gx:coord>
<when>2014-07-08T10:52:21.031-07:00</when>
<gx:coord>4.3673533 50.823181 0</gx:coord>
<when>2014-07-08T10:53:21.056-07:00</when>
<gx:coord>4.3673591 50.823219 0</gx:coord>
<when>2014-07-08T10:54:24.655-07:00</when>
<gx:coord>4.3673832 50.8232254 0</gx:coord>
<when>2014-07-08T10:55:21.185-07:00</when>
<gx:coord>4.3673757 50.8232105 0</gx:coord>
<when>2014-07-08T10:56:24.725-07:00</when>
<gx:coord>4.3673395 50.8232008 0</gx:coord>
<when>2014-07-08T10:57:24.737-07:00</when>
<gx:coord>4.3673251 50.8231928 0</gx:coord>
<when>2014-07-08T10:58:24.858-07:00</when>
<gx:coord>4.3673279 50.8231668 0</gx:coord>
<when>2014-07-08T10:59:24.749-07:00</when>
<gx:coord>4.367356 50.823205 0</gx:coord>
<when>2014-07-08T11:00:24.732-07:00</when>
<gx:coord>4.3673936 50.8232381 0</gx:coord>
<when>2014-07-08T11:01:24.893-07:00</when>
<gx:coord>4.367349 50.8231878 0</gx:coord>
<when>2014-07-08T11:02:21.503-07:00</when>
<gx:coord>4.3673183 50.8231592 0</gx:coord>
<when>2014-07-08T11:03:24.847-07:00</when>
<gx:coord>4.3673338 50.8231786 0</gx:coord>
<when>2014-07-08T11:04:24.896-07:00</when>
<gx:coord>4.367365 50.8232521 0</gx:coord>
<when>2014-07-08T11:05:50.928-07:00</when>
<gx:coord>4.3673698 50.8232499 0</gx:coord>
<when>2014-07-08T11:06:50.926-07:00</when>
<gx:coord>4.3673544 50.8232163 0</gx:coord>
<when>2014-07-08T11:08:03.614-07:00</when>
<gx:coord>4.3673598 50.8232236 0</gx:coord>
<when>2014-07-08T11:09:43.681-07:00</when>
<gx:coord>4.3673411 50.8231652 0</gx:coord>
<when>2014-07-08T11:11:03.659-07:00</when>
<gx:coord>4.367361 50.823168 0</gx:coord>
<when>2014-07-08T11:12:09.645-07:00</when>
<gx:coord>4.3673605 50.8231785 0</gx:coord>
<when>2014-07-08T11:13:22.444-07:00</when>
<gx:coord>4.3673911 50.8232246 0</gx:coord>
<when>2014-07-08T11:14:38.245-07:00</when>
<gx:coord>4.3673952 50.8232276 0</gx:coord>
<when>2014-07-08T11:15:26.065-07:00</when>
<gx:coord>4.3673436 50.8231662 0</gx:coord>
<when>2014-07-08T11:16:29.573-07:00</when>
<gx:coord>4.3673463 50.8231714 0</gx:coord>
<when>2014-07-08T11:18:03.603-07:00</when>
<gx:coord>4.3673537 50.8231877 0</gx:coord>
<when>2014-07-08T11:19:25.669-07:00</when>
<gx:coord>4.3673444 50.8232336 0</gx:coord>
<when>2014-07-08T11:20:25.604-07:00</when>
<gx:coord>4.3673545 50.8232453 0</gx:coord>
<when>2014-07-08T11:21:27.484-07:00</when>
<gx:coord>4.3673452 50.8232109 0</gx:coord>
<when>2014-07-08T11:23:03.751-07:00</when>
<gx:coord>4.3673793 50.8232331 0</gx:coord>
<when>2014-07-08T11:24:10.037-07:00</when>
<gx:coord>4.3673762 50.8232392 0</gx:coord>
<when>2014-07-08T11:25:08.178-07:00</when>
<gx:coord>4.3673734 50.8231758 0</gx:coord>
<when>2014-07-08T11:26:41.646-07:00</when>
<gx:coord>4.3673805 50.8232343 0</gx:coord>
<when>2014-07-08T11:28:03.700-07:00</when>
<gx:coord>4.3673333 50.8231898 0</gx:coord>
<when>2014-07-08T11:29:10.759-07:00</when>
<gx:coord>4.3673497 50.8232206 0</gx:coord>
<when>2014-07-08T11:30:10.785-07:00</when>
<gx:coord>4.367319 50.8231615 0</gx:coord>
<when>2014-07-08T11:31:10.803-07:00</when>
<gx:coord>4.3673114 50.8231595 0</gx:coord>
<when>2014-07-08T11:32:11.711-07:00</when>
<gx:coord>4.3673402 50.8231776 0</gx:coord>
<when>2014-07-08T11:33:22.621-07:00</when>
<gx:coord>4.3673424 50.8231826 0</gx:coord>
<when>2014-07-08T11:34:19.240-07:00</when>
<gx:coord>4.3673563 50.8231785 0</gx:coord>
<when>2014-07-08T11:35:19.269-07:00</when>
<gx:coord>4.367339 50.8231956 0</gx:coord>
<when>2014-07-08T11:36:31.270-07:00</when>
<gx:coord>4.3673258 50.8231707 0</gx:coord>
<when>2014-07-08T11:37:34.762-07:00</when>
<gx:coord>4.3673694 50.8231978 0</gx:coord>
<when>2014-07-08T11:38:52.663-07:00</when>
<gx:coord>4.3673434 50.823181 0</gx:coord>
<when>2014-07-08T11:40:04.638-07:00</when>
<gx:coord>4.3673453 50.8231652 0</gx:coord>
<when>2014-07-08T11:41:01.763-07:00</when>
<gx:coord>4.3673318 50.823197 0</gx:coord>
<when>2014-07-08T11:42:24.776-07:00</when>
<gx:coord>4.3673661 50.8232219 0</gx:coord>
<when>2014-07-08T11:43:24.740-07:00</when>
<gx:coord>4.3673609 50.823212 0</gx:coord>
<when>2014-07-08T11:44:35.150-07:00</when>
<gx:coord>4.3673444 50.8232185 0</gx:coord>
<when>2014-07-08T11:45:35.211-07:00</when>
<gx:coord>4.3673756 50.8232342 0</gx:coord>
<when>2014-07-08T11:46:53.798-07:00</when>
<gx:coord>4.3673573 50.8232104 0</gx:coord>
<when>2014-07-08T11:48:03.626-07:00</when>
<gx:coord>4.3673564 50.8231924 0</gx:coord>
<when>2014-07-08T11:49:01.177-07:00</when>
<gx:coord>4.3673275 50.8231477 0</gx:coord>
<when>2014-07-08T11:50:10.826-07:00</when>
<gx:coord>4.3673317 50.8231546 0</gx:coord>
<when>2014-07-08T11:51:30.079-07:00</when>
<gx:coord>4.3673358 50.8231996 0</gx:coord>
<when>2014-07-08T11:52:27.252-07:00</when>
<gx:coord>4.3674438 50.8232805 0</gx:coord>
<when>2014-07-08T11:53:15.294-07:00</when>
<gx:coord>4.3676843 50.8234741 0</gx:coord>
<when>2014-07-08T11:54:23.392-07:00</when>
<gx:coord>4.3685202 50.8244192 0</gx:coord>
<when>2014-07-08T11:55:35.569-07:00</when>
<gx:coord>4.3695876 50.8257339 0</gx:coord>
<when>2014-07-08T11:56:43.427-07:00</when>
<gx:coord>4.3696552 50.8258199 0</gx:coord>
<when>2014-07-08T11:58:03.964-07:00</when>
<gx:coord>4.3703213 50.8265506 0</gx:coord>
<when>2014-07-08T11:59:42.957-07:00</when>
<gx:coord>4.3714784 50.8277034 0</gx:coord>
<when>2014-07-08T12:00:43.188-07:00</when>
<gx:coord>4.3715456 50.8277381 0</gx:coord>
<when>2014-07-08T12:01:46.164-07:00</when>
<gx:coord>4.3715963 50.82774 0</gx:coord>
<when>2014-07-08T12:03:23.355-07:00</when>
<gx:coord>4.3711576 50.8281432 0</gx:coord>
<when>2014-07-08T12:04:24.318-07:00</when>
<gx:coord>4.3715096 50.8277671 0</gx:coord>
<when>2014-07-08T12:05:26.323-07:00</when>
<gx:coord>4.371321 50.8279422 0</gx:coord>
<when>2014-07-08T12:06:29.846-07:00</when>
<gx:coord>4.3710747 50.8281709 0</gx:coord>
<when>2014-07-08T12:07:43.532-07:00</when>
<gx:coord>4.3710148 50.8282084 0</gx:coord>
<when>2014-07-08T12:09:03.110-07:00</when>
<gx:coord>4.3710265 50.8281909 0</gx:coord>
<when>2014-07-08T12:10:34.548-07:00</when>
<gx:coord>4.3710224 50.828196 0</gx:coord>
<when>2014-07-08T12:11:48.168-07:00</when>
<gx:coord>4.3715592 50.8277401 0</gx:coord>
<when>2014-07-08T12:13:13.329-07:00</when>
<gx:coord>4.3715741 50.827725 0</gx:coord>
<when>2014-07-08T12:15:03.374-07:00</when>
<gx:coord>4.3715882 50.8277278 0</gx:coord>
<when>2014-07-08T12:16:03.329-07:00</when>
<gx:coord>4.3715212 50.8277458 0</gx:coord>
<when>2014-07-08T12:17:06.528-07:00</when>
<gx:coord>4.3715545 50.8277484 0</gx:coord>
<when>2014-07-08T12:18:09.586-07:00</when>
<gx:coord>4.3714408 50.8278453 0</gx:coord>
<when>2014-07-08T12:19:26.120-07:00</when>
<gx:coord>4.3709976 50.828218 0</gx:coord>
<when>2014-07-08T12:20:44.125-07:00</when>
<gx:coord>4.3709781 50.8282535 0</gx:coord>
<when>2014-07-08T12:21:44.187-07:00</when>
<gx:coord>4.3710374 50.8282108 0</gx:coord>
<when>2014-07-08T12:22:46.376-07:00</when>
<gx:coord>4.3710205 50.8282171 0</gx:coord>
<when>2014-07-08T12:24:03.590-07:00</when>
<gx:coord>4.3709896 50.8282047 0</gx:coord>
<when>2014-07-08T12:25:04.242-07:00</when>
<gx:coord>4.3709912 50.8282073 0</gx:coord>
<when>2014-07-08T12:26:31.210-07:00</when>
<gx:coord>4.3709861 50.8282227 0</gx:coord>
<when>2014-07-08T12:27:31.828-07:00</when>
<gx:coord>4.3715434 50.8277525 0</gx:coord>
<when>2014-07-08T12:28:42.899-07:00</when>
<gx:coord>4.3715332 50.827748 0</gx:coord>
<when>2014-07-08T12:29:42.933-07:00</when>
<gx:coord>4.3715294 50.8277367 0</gx:coord>
<when>2014-07-08T12:30:43.001-07:00</when>
<gx:coord>4.3715249 50.8277466 0</gx:coord>
<when>2014-07-08T12:31:32.869-07:00</when>
<gx:coord>4.3710823 50.8281368 0</gx:coord>
<when>2014-07-08T12:32:32.905-07:00</when>
<gx:coord>4.3709723 50.8282548 0</gx:coord>
<when>2014-07-08T12:33:32.867-07:00</when>
<gx:coord>4.3710108 50.8282296 0</gx:coord>
<when>2014-07-08T12:34:34.203-07:00</when>
<gx:coord>4.3710102 50.8282042 0</gx:coord>
<when>2014-07-08T12:36:03.118-07:00</when>
<gx:coord>4.3710012 50.8281884 0</gx:coord>
<when>2014-07-08T12:37:22.340-07:00</when>
<gx:coord>4.3709727 50.8282359 0</gx:coord>
<when>2014-07-08T12:38:23.337-07:00</when>
<gx:coord>4.3709911 50.8282277 0</gx:coord>
<when>2014-07-08T12:39:24.219-07:00</when>
<gx:coord>4.3710359 50.8282166 0</gx:coord>
<when>2014-07-08T12:41:00.219-07:00</when>
<gx:coord>4.3714956 50.827801 0</gx:coord>
<when>2014-07-08T12:42:23.358-07:00</when>
<gx:coord>4.3714872 50.8277795 0</gx:coord>
<when>2014-07-08T12:44:03.233-07:00</when>
<gx:coord>4.3713996 50.827817 0</gx:coord>
<when>2014-07-08T12:45:04.421-07:00</when>
<gx:coord>4.3711813 50.8280252 0</gx:coord>
<when>2014-07-08T12:46:19.195-07:00</when>
<gx:coord>4.3710531 50.8281634 0</gx:coord>
<when>2014-07-08T12:47:19.363-07:00</when>
<gx:coord>4.3710446 50.8281879 0</gx:coord>
<when>2014-07-08T12:48:09.606-07:00</when>
<gx:coord>4.371044 50.8281909 0</gx:coord>
<when>2014-07-08T12:49:09.694-07:00</when>
<gx:coord>4.3709813 50.8282269 0</gx:coord>
<when>2014-07-08T12:50:11.221-07:00</when>
<gx:coord>4.370985 50.8282198 0</gx:coord>
<when>2014-07-08T12:51:24.179-07:00</when>
<gx:coord>4.3709738 50.828252 0</gx:coord>
<when>2014-07-08T12:52:25.198-07:00</when>
<gx:coord>4.3710432 50.8281828 0</gx:coord>
<when>2014-07-08T12:53:44.249-07:00</when>
<gx:coord>4.3710765 50.8281573 0</gx:coord>
<when>2014-07-08T12:54:44.279-07:00</when>
<gx:coord>4.3710136 50.8281957 0</gx:coord>
<when>2014-07-08T12:56:28.759-07:00</when>
<gx:coord>4.3710069 50.8281956 0</gx:coord>
<when>2014-07-08T12:57:29.183-07:00</when>
<gx:coord>4.3710424 50.828207 0</gx:coord>
<when>2014-07-08T12:58:29.208-07:00</when>
<gx:coord>4.3711339 50.8281713 0</gx:coord>
<when>2014-07-08T12:59:29.204-07:00</when>
<gx:coord>4.3710209 50.8282002 0</gx:coord>
<when>2014-07-08T13:00:29.219-07:00</when>
<gx:coord>4.3710224 50.8281814 0</gx:coord>
<when>2014-07-08T13:01:29.339-07:00</when>
<gx:coord>4.3710809 50.8281374 0</gx:coord>
<when>2014-07-08T13:02:35.279-07:00</when>
<gx:coord>4.3709737 50.8282438 0</gx:coord>
<when>2014-07-08T13:03:35.268-07:00</when>
<gx:coord>4.3709706 50.8282345 0</gx:coord>
<when>2014-07-08T13:04:35.304-07:00</when>
<gx:coord>4.3709742 50.8282387 0</gx:coord>
<when>2014-07-08T13:06:03.177-07:00</when>
<gx:coord>4.3709741 50.8282306 0</gx:coord>
<when>2014-07-08T13:07:39.370-07:00</when>
<gx:coord>4.370973 50.8282531 0</gx:coord>
<when>2014-07-08T13:08:40.248-07:00</when>
<gx:coord>4.3709711 50.8282346 0</gx:coord>
<when>2014-07-08T13:09:40.517-07:00</when>
<gx:coord>4.3709709 50.8282374 0</gx:coord>
<when>2014-07-08T13:10:42.254-07:00</when>
<gx:coord>4.3709975 50.8282189 0</gx:coord>
<when>2014-07-08T13:11:43.261-07:00</when>
<gx:coord>4.3709996 50.8282061 0</gx:coord>
<when>2014-07-08T13:12:43.281-07:00</when>
<gx:coord>4.3709706 50.8282345 0</gx:coord>
<when>2014-07-08T13:13:43.290-07:00</when>
<gx:coord>4.3709711 50.8282336 0</gx:coord>
<when>2014-07-08T13:14:44.172-07:00</when>
<gx:coord>4.3709737 50.8282358 0</gx:coord>
<when>2014-07-08T13:15:49.191-07:00</when>
<gx:coord>4.3709725 50.8282487 0</gx:coord>
<when>2014-07-08T13:16:54.918-07:00</when>
<gx:coord>4.3709945 50.8282195 0</gx:coord>
<when>2014-07-08T13:18:26.274-07:00</when>
<gx:coord>4.3716184 50.827787 0</gx:coord>
<when>2014-07-08T13:19:41.712-07:00</when>
<gx:coord>4.3717281 50.8277255 0</gx:coord>
<when>2014-07-08T13:20:49.119-07:00</when>
<gx:coord>4.3721787 50.8272707 0</gx:coord>
<when>2014-07-08T13:21:40.851-07:00</when>
<gx:coord>4.3722641 50.8271289 0</gx:coord>
<when>2014-07-08T13:22:47.250-07:00</when>
<gx:coord>4.3717143 50.8276599 0</gx:coord>
<when>2014-07-08T13:23:47.395-07:00</when>
<gx:coord>4.3717206 50.8277128 0</gx:coord>
<when>2014-07-08T13:24:58.531-07:00</when>
<gx:coord>4.3723058 50.8285056 0</gx:coord>
<when>2014-07-08T13:26:04.349-07:00</when>
<gx:coord>4.372193 50.828515 0</gx:coord>
<when>2014-07-08T13:27:04.352-07:00</when>
<gx:coord>4.3721461 50.828456 0</gx:coord>
<when>2014-07-08T13:28:52.267-07:00</when>
<gx:coord>4.3716523 50.8277518 0</gx:coord>
<when>2014-07-08T13:30:00.930-07:00</when>
<gx:coord>4.371892 50.8280099 0</gx:coord>
<when>2014-07-08T13:30:52.294-07:00</when>
<gx:coord>4.3718806 50.8280069 0</gx:coord>
<when>2014-07-08T13:31:59.292-07:00</when>
<gx:coord>4.3718854 50.8280185 0</gx:coord>
<when>2014-07-08T13:32:59.360-07:00</when>
<gx:coord>4.3718654 50.8279189 0</gx:coord>
<when>2014-07-08T13:34:02.381-07:00</when>
<gx:coord>4.3718508 50.827903 0</gx:coord>
<when>2014-07-08T13:35:03.216-07:00</when>
<gx:coord>4.3718123 50.8279144 0</gx:coord>
<when>2014-07-08T13:36:03.323-07:00</when>
<gx:coord>4.3718004 50.8278887 0</gx:coord>
<when>2014-07-08T13:37:03.288-07:00</when>
<gx:coord>4.3717682 50.8279689 0</gx:coord>
<when>2014-07-08T13:38:03.243-07:00</when>
<gx:coord>4.3718945 50.8279918 0</gx:coord>
<when>2014-07-08T13:39:50.208-07:00</when>
<gx:coord>4.3719339 50.8279945 0</gx:coord>
<when>2014-07-08T13:40:52.227-07:00</when>
<gx:coord>4.3718535 50.8279196 0</gx:coord>
<when>2014-07-08T13:42:06.330-07:00</when>
<gx:coord>4.3718829 50.8279233 0</gx:coord>
<when>2014-07-08T13:43:36.430-07:00</when>
<gx:coord>4.3718096 50.8280182 0</gx:coord>
<when>2014-07-08T13:44:37.250-07:00</when>
<gx:coord>4.3720249 50.8279222 0</gx:coord>
<when>2014-07-08T13:45:37.270-07:00</when>
<gx:coord>4.3719997 50.8279685 0</gx:coord>
<when>2014-07-08T13:46:37.222-07:00</when>
<gx:coord>4.3719266 50.8280227 0</gx:coord>
<when>2014-07-08T13:47:52.773-07:00</when>
<gx:coord>4.3716535 50.8277482 0</gx:coord>
<when>2014-07-08T13:48:55.844-07:00</when>
<gx:coord>4.371579 50.8277221 0</gx:coord>
<when>2014-07-08T13:50:10.423-07:00</when>
<gx:coord>4.3715848 50.8277211 0</gx:coord>
<when>2014-07-08T13:51:23.454-07:00</when>
<gx:coord>4.3716039 50.827704 0</gx:coord>
<when>2014-07-08T13:52:24.206-07:00</when>
<gx:coord>4.3715582 50.8277398 0</gx:coord>
<when>2014-07-08T13:53:24.435-07:00</when>
<gx:coord>4.3715125 50.8277734 0</gx:coord>
<when>2014-07-08T13:54:24.510-07:00</when>
<gx:coord>4.3715735 50.8277287 0</gx:coord>
<when>2014-07-08T13:56:30.278-07:00</when>
<gx:coord>4.3715697 50.8277252 0</gx:coord>
<when>2014-07-08T13:57:32.407-07:00</when>
<gx:coord>4.371555 50.8277486 0</gx:coord>
<when>2014-07-08T13:59:03.282-07:00</when>
<gx:coord>4.3716483 50.8277366 0</gx:coord>
<when>2014-07-08T14:00:04.412-07:00</when>
<gx:coord>4.3721287 50.827404 0</gx:coord>
<when>2014-07-08T14:01:38.237-07:00</when>
<gx:coord>4.3722412 50.8274203 0</gx:coord>
<when>2014-07-08T14:03:15.878-07:00</when>
<gx:coord>4.3715339 50.827031 0</gx:coord>
<when>2014-07-08T14:04:11.041-07:00</when>
<gx:coord>4.3714023 50.8269407 0</gx:coord>
<when>2014-07-08T14:05:11.090-07:00</when>
<gx:coord>4.3715672 50.8270659 0</gx:coord>
<when>2014-07-08T14:06:21.815-07:00</when>
<gx:coord>4.372186 50.8272989 0</gx:coord>
<when>2014-07-08T14:07:22.259-07:00</when>
<gx:coord>4.3723075 50.8271785 0</gx:coord>
<when>2014-07-08T14:09:04.166-07:00</when>
<gx:coord>4.3722188 50.8273731 0</gx:coord>
<when>2014-07-08T14:10:05.283-07:00</when>
<gx:coord>4.3722852 50.8271496 0</gx:coord>
<when>2014-07-08T14:11:13.261-07:00</when>
<gx:coord>4.3722562 50.8271755 0</gx:coord>
<when>2014-07-08T14:12:13.305-07:00</when>
<gx:coord>4.3722125 50.826923 0</gx:coord>
<when>2014-07-08T14:13:13.341-07:00</when>
<gx:coord>4.3723172 50.8270229 0</gx:coord>
<when>2014-07-08T14:14:14.343-07:00</when>
<gx:coord>4.3721073 50.827031 0</gx:coord>
<when>2014-07-08T14:15:14.348-07:00</when>
<gx:coord>4.3720519 50.8270166 0</gx:coord>
<when>2014-07-08T14:16:28.308-07:00</when>
<gx:coord>4.3721853 50.8268826 0</gx:coord>
<when>2014-07-08T14:17:31.521-07:00</when>
<gx:coord>4.3723938 50.8270726 0</gx:coord>
<when>2014-07-08T14:18:32.152-07:00</when>
<gx:coord>4.3723938 50.8270732 0</gx:coord>
<when>2014-07-08T14:19:37.364-07:00</when>
<gx:coord>4.3723943 50.8270729 0</gx:coord>
<when>2014-07-08T14:20:43.230-07:00</when>
<gx:coord>4.3720624 50.8269242 0</gx:coord>
<when>2014-07-08T14:21:45.139-07:00</when>
<gx:coord>4.3715731 50.8260619 0</gx:coord>
<when>2014-07-08T14:23:04.322-07:00</when>
<gx:coord>4.3715386 50.8259971 0</gx:coord>
<when>2014-07-08T14:24:12.368-07:00</when>
<gx:coord>4.3719105 50.8262433 0</gx:coord>
<when>2014-07-08T14:25:13.384-07:00</when>
<gx:coord>4.3721505 50.8268563 0</gx:coord>
<when>2014-07-08T14:26:25.573-07:00</when>
<gx:coord>4.3722493 50.8269797 0</gx:coord>
<when>2014-07-08T14:27:25.505-07:00</when>
<gx:coord>4.3720061 50.826701 0</gx:coord>
<when>2014-07-08T14:28:21.067-07:00</when>
<gx:coord>4.3722135 50.8268593 0</gx:coord>
<when>2014-07-08T14:29:21.050-07:00</when>
<gx:coord>4.3723172 50.8270229 0</gx:coord>
<when>2014-07-08T14:30:22.130-07:00</when>
<gx:coord>4.3721482 50.8269845 0</gx:coord>
<when>2014-07-08T14:31:27.133-07:00</when>
<gx:coord>4.3721091 50.8269704 0</gx:coord>
<when>2014-07-08T14:32:28.255-07:00</when>
<gx:coord>4.3722696 50.8270658 0</gx:coord>
<when>2014-07-08T14:33:28.521-07:00</when>
<gx:coord>4.3723945 50.8270736 0</gx:coord>
<when>2014-07-08T14:34:28.461-07:00</when>
<gx:coord>4.3722728 50.8270839 0</gx:coord>
<when>2014-07-08T14:35:28.605-07:00</when>
<gx:coord>4.3722624 50.8270874 0</gx:coord>
<when>2014-07-08T14:36:28.563-07:00</when>
<gx:coord>4.3723941 50.8270736 0</gx:coord>
<when>2014-07-08T14:37:28.582-07:00</when>
<gx:coord>4.3722405 50.8269548 0</gx:coord>
<when>2014-07-08T14:38:28.605-07:00</when>
<gx:coord>4.3723141 50.827029 0</gx:coord>
<when>2014-07-08T14:39:29.112-07:00</when>
<gx:coord>4.3723007 50.8270104 0</gx:coord>
<when>2014-07-08T14:40:30.268-07:00</when>
<gx:coord>4.3723285 50.8270448 0</gx:coord>
<when>2014-07-08T14:41:31.160-07:00</when>
<gx:coord>4.3722708 50.8269908 0</gx:coord>
<when>2014-07-08T14:42:32.123-07:00</when>
<gx:coord>4.3723941 50.8270736 0</gx:coord>
<when>2014-07-08T14:43:48.166-07:00</when>
<gx:coord>4.3723945 50.8270752 0</gx:coord>
<when>2014-07-08T14:44:48.194-07:00</when>
<gx:coord>4.3723943 50.8270729 0</gx:coord>
<when>2014-07-08T14:45:48.229-07:00</when>
<gx:coord>4.3723141 50.827029 0</gx:coord>
<when>2014-07-08T14:46:54.331-07:00</when>
<gx:coord>4.3723007 50.8270104 0</gx:coord>
<when>2014-07-08T14:48:04.853-07:00</when>
<gx:coord>4.3723944 50.827074 0</gx:coord>
<when>2014-07-08T14:49:04.935-07:00</when>
<gx:coord>4.3723941 50.8270733 0</gx:coord>
<when>2014-07-08T14:50:05.410-07:00</when>
<gx:coord>4.3722099 50.82726 0</gx:coord>
<when>2014-07-08T14:51:25.946-07:00</when>
<gx:coord>4.3722033 50.8273816 0</gx:coord>
<when>2014-07-08T14:52:25.985-07:00</when>
<gx:coord>4.3720432 50.8274972 0</gx:coord>
<when>2014-07-08T14:53:26.049-07:00</when>
<gx:coord>4.3718071 50.827726 0</gx:coord>
<when>2014-07-08T14:54:29.375-07:00</when>
<gx:coord>4.371664 50.8277761 0</gx:coord>
<when>2014-07-08T14:56:04.445-07:00</when>
<gx:coord>4.3716395 50.8277173 0</gx:coord>
<when>2014-07-08T14:57:04.396-07:00</when>
<gx:coord>4.3715955 50.8277509 0</gx:coord>
<when>2014-07-08T14:58:45.461-07:00</when>
<gx:coord>4.3715053 50.8277528 0</gx:coord>
<when>2014-07-08T14:59:47.618-07:00</when>
<gx:coord>4.3715677 50.8277486 0</gx:coord>
</gx:Track>
</Placemark>
</Document>
</kml>
